<?xml version="1.0" encoding="UTF-8"?>
<!-- Generated by org.testng.reporters.JUnitXMLReporter -->
<testsuite ignored="0" hostname="DESKTOP-D27FDN2" failures="4" tests="22" name="IKnowPageTest" time="191.546" errors="0" timestamp="2021-02-04T23:44:57 GMT-08:00">
  <testcase classname="hpe.SSDSelectorTool.SSDIKnowPageTest" name="ToVerifyIKnowWhatINeedURL" time="0.049"/>
  <testcase classname="hpe.SSDSelectorTool.SSDIKnowPageTest" name="ToVerifySSDResults" time="2.229"/>
  <testcase classname="hpe.SSDSelectorTool.SSDIKnowPageTest" name="ToVerifySelectedOptions" time="2.567"/>
  <testcase classname="hpe.SSDSelectorTool.SSDIKnowPageTest" name="ToVerifyReadOptionsResults" time="6.807"/>
  <testcase classname="hpe.SSDSelectorTool.SSDIKnowPageTest" name="ToVerifyDownloadFile" time="5.203"/>
  <testcase classname="hpe.SSDSelectorTool.SSDIKnowPageTest" name="ToVerifyExcelFileResults" time="4.19">
    <failure type="java.lang.NoSuchMethodError" message="&amp;apos;org.apache.poi.ss.usermodel.CellType org.apache.poi.xssf.usermodel.XSSFCell.getCellType()&amp;apos;">
      <![CDATA[java.lang.NoSuchMethodError: 'org.apache.poi.ss.usermodel.CellType org.apache.poi.xssf.usermodel.XSSFCell.getCellType()'
at SSDPageObjects.SSDExcelResult.compareTwoCells(SSDExcelResult.java:114)
at SSDPageObjects.SSDExcelResult.compareTwoRows(SSDExcelResult.java:94)
at SSDPageObjects.SSDExcelResult.compareTwoSheets(SSDExcelResult.java:67)
at SSDPageObjects.SSDExcelResult.CompareTwoExcelFiles(SSDExcelResult.java:37)
at hpe.SSDSelectorTool.SSDIKnowPageTest.ToVerifyExcelFileResults(SSDIKnowPageTest.java:192)
at java.base/java.util.ArrayList.forEach(ArrayList.java:1511)
... Removed 27 stack frames]]>
    </failure>
  </testcase> <!-- ToVerifyExcelFileResults -->
  <testcase classname="hpe.SSDSelectorTool.SSDIKnowPageTest" name="ToVerifyUnCheckInterface" time="3.411"/>
  <testcase classname="hpe.SSDSelectorTool.SSDIKnowPageTest" name="ToVerifyInterfaceOptionSASResults" time="3.991"/>
  <testcase classname="hpe.SSDSelectorTool.SSDIKnowPageTest" name="ToVerifyInterfaceOptionSATAResults" time="45.185">
    <failure type="org.openqa.selenium.TimeoutException" message="Expected condition failed: waiting for text (&amp;apos;42 -  SSDs meet your requirements&amp;apos;) to be present in element [[ChromeDriver: chrome on WINDOWS (1d05575a8c2098c0759cf22b5628dda2)] -&amp;gt; xpath: //*[@id=&amp;quot;panel-ggroup3&amp;quot;]/div/div[1]/h4/a] (tried for 40 second(s) with 500 milliseconds interval)
Build info: version: &amp;apos;3.141.59&amp;apos;, revision: &amp;apos;e82be7d358&amp;apos;, time: &amp;apos;2018-11-14T08:25:53&amp;apos;
System info: host: &amp;apos;DESKTOP-D27FDN2&amp;apos;, ip: &amp;apos;16.214.161.154&amp;apos;, os.name: &amp;apos;Windows 10&amp;apos;, os.arch: &amp;apos;amd64&amp;apos;, os.version: &amp;apos;10.0&amp;apos;, java.version: &amp;apos;14.0.2&amp;apos;
Driver info: org.openqa.selenium.support.events.EventFiringWebDriver
Capabilities {acceptInsecureCerts: false, browserName: chrome, browserVersion: 88.0.4324.104, chrome: {chromedriverVersion: 88.0.4324.96 (68dba2d8a0b14..., userDataDir: C:\Users\user\AppData\Local...}, goog:chromeOptions: {debuggerAddress: localhost:49623}, javascriptEnabled: true, networkConnectionEnabled: false, pageLoadStrategy: normal, platform: WINDOWS, platformName: WINDOWS, proxy: Proxy(), setWindowRect: true, strictFileInteractability: false, timeouts: {implicit: 0, pageLoad: 300000, script: 30000}, unhandledPromptBehavior: dismiss and notify, webauthn:extension:largeBlob: true, webauthn:virtualAuthenticators: true}
Session ID: 1d05575a8c2098c0759cf22b5628dda2">
      <![CDATA[org.openqa.selenium.TimeoutException: Expected condition failed: waiting for text ('42 -  SSDs meet your requirements') to be present in element [[ChromeDriver: chrome on WINDOWS (1d05575a8c2098c0759cf22b5628dda2)] -> xpath: //*[@id="panel-ggroup3"]/div/div[1]/h4/a] (tried for 40 second(s) with 500 milliseconds interval)
Build info: version: '3.141.59', revision: 'e82be7d358', time: '2018-11-14T08:25:53'
System info: host: 'DESKTOP-D27FDN2', ip: '16.214.161.154', os.name: 'Windows 10', os.arch: 'amd64', os.version: '10.0', java.version: '14.0.2'
Driver info: org.openqa.selenium.support.events.EventFiringWebDriver
Capabilities {acceptInsecureCerts: false, browserName: chrome, browserVersion: 88.0.4324.104, chrome: {chromedriverVersion: 88.0.4324.96 (68dba2d8a0b14..., userDataDir: C:\Users\user\AppData\Local...}, goog:chromeOptions: {debuggerAddress: localhost:49623}, javascriptEnabled: true, networkConnectionEnabled: false, pageLoadStrategy: normal, platform: WINDOWS, platformName: WINDOWS, proxy: Proxy(), setWindowRect: true, strictFileInteractability: false, timeouts: {implicit: 0, pageLoad: 300000, script: 30000}, unhandledPromptBehavior: dismiss and notify, webauthn:extension:largeBlob: true, webauthn:virtualAuthenticators: true}
Session ID: 1d05575a8c2098c0759cf22b5628dda2
at org.openqa.selenium.support.ui.WebDriverWait.timeoutException(WebDriverWait.java:95)
at org.openqa.selenium.support.ui.FluentWait.until(FluentWait.java:272)
at hpe.SSDSelectorTool.SSDIKnowPageTest.ToVerifyInterfaceOptionSATAResults(SSDIKnowPageTest.java:230)
at java.base/java.util.ArrayList.forEach(ArrayList.java:1511)
... Removed 27 stack frames]]>
    </failure>
  </testcase> <!-- ToVerifyInterfaceOptionSATAResults -->
  <testcase classname="hpe.SSDSelectorTool.SSDIKnowPageTest" name="ToVerifyInterfaceOptionNVMeResults" time="22.233">
    <failure type="org.openqa.selenium.NoSuchElementException" message="no such element: Unable to locate element: {&amp;quot;method&amp;quot;:&amp;quot;xpath&amp;quot;,&amp;quot;selector&amp;quot;:&amp;quot;//div[contains(text(),&amp;apos;SATA&amp;apos;)]&amp;quot;}
  (Session info: chrome=88.0.4324.104)
For documentation on this error, please visit: https://www.seleniumhq.org/exceptions/no_such_element.html
Build info: version: &amp;apos;3.141.59&amp;apos;, revision: &amp;apos;e82be7d358&amp;apos;, time: &amp;apos;2018-11-14T08:25:53&amp;apos;
System info: host: &amp;apos;DESKTOP-D27FDN2&amp;apos;, ip: &amp;apos;16.214.161.154&amp;apos;, os.name: &amp;apos;Windows 10&amp;apos;, os.arch: &amp;apos;amd64&amp;apos;, os.version: &amp;apos;10.0&amp;apos;, java.version: &amp;apos;14.0.2&amp;apos;
Driver info: org.openqa.selenium.chrome.ChromeDriver
Capabilities {acceptInsecureCerts: false, browserName: chrome, browserVersion: 88.0.4324.104, chrome: {chromedriverVersion: 88.0.4324.96 (68dba2d8a0b14..., userDataDir: C:\Users\user\AppData\Local...}, goog:chromeOptions: {debuggerAddress: localhost:49623}, javascriptEnabled: true, networkConnectionEnabled: false, pageLoadStrategy: normal, platform: WINDOWS, platformName: WINDOWS, proxy: Proxy(), setWindowRect: true, strictFileInteractability: false, timeouts: {implicit: 0, pageLoad: 300000, script: 30000}, unhandledPromptBehavior: dismiss and notify, webauthn:extension:largeBlob: true, webauthn:virtualAuthenticators: true}
Session ID: 1d05575a8c2098c0759cf22b5628dda2
*** Element info: {Using=xpath, value=//div[contains(text(),&amp;apos;SATA&amp;apos;)]}">
      <![CDATA[org.openqa.selenium.NoSuchElementException: no such element: Unable to locate element: {"method":"xpath","selector":"//div[contains(text(),'SATA')]"}
  (Session info: chrome=88.0.4324.104)
For documentation on this error, please visit: https://www.seleniumhq.org/exceptions/no_such_element.html
Build info: version: '3.141.59', revision: 'e82be7d358', time: '2018-11-14T08:25:53'
System info: host: 'DESKTOP-D27FDN2', ip: '16.214.161.154', os.name: 'Windows 10', os.arch: 'amd64', os.version: '10.0', java.version: '14.0.2'
Driver info: org.openqa.selenium.chrome.ChromeDriver
Capabilities {acceptInsecureCerts: false, browserName: chrome, browserVersion: 88.0.4324.104, chrome: {chromedriverVersion: 88.0.4324.96 (68dba2d8a0b14..., userDataDir: C:\Users\user\AppData\Local...}, goog:chromeOptions: {debuggerAddress: localhost:49623}, javascriptEnabled: true, networkConnectionEnabled: false, pageLoadStrategy: normal, platform: WINDOWS, platformName: WINDOWS, proxy: Proxy(), setWindowRect: true, strictFileInteractability: false, timeouts: {implicit: 0, pageLoad: 300000, script: 30000}, unhandledPromptBehavior: dismiss and notify, webauthn:extension:largeBlob: true, webauthn:virtualAuthenticators: true}
Session ID: 1d05575a8c2098c0759cf22b5628dda2
*** Element info: {Using=xpath, value=//div[contains(text(),'SATA')]}
at org.openqa.selenium.remote.http.W3CHttpResponseCodec.createException(W3CHttpResponseCodec.java:187)
at org.openqa.selenium.remote.http.W3CHttpResponseCodec.decode(W3CHttpResponseCodec.java:122)
at org.openqa.selenium.remote.http.W3CHttpResponseCodec.decode(W3CHttpResponseCodec.java:49)
at org.openqa.selenium.remote.HttpCommandExecutor.execute(HttpCommandExecutor.java:158)
at org.openqa.selenium.remote.service.DriverCommandExecutor.execute(DriverCommandExecutor.java:83)
at org.openqa.selenium.remote.RemoteWebDriver.execute(RemoteWebDriver.java:552)
at org.openqa.selenium.remote.RemoteWebDriver.findElement(RemoteWebDriver.java:323)
at org.openqa.selenium.remote.RemoteWebDriver.findElementByXPath(RemoteWebDriver.java:428)
at org.openqa.selenium.By$ByXPath.findElement(By.java:353)
at org.openqa.selenium.remote.RemoteWebDriver.findElement(RemoteWebDriver.java:315)
at org.openqa.selenium.support.events.EventFiringWebDriver.lambda$new$1(EventFiringWebDriver.java:105)
at com.sun.proxy.$Proxy14.findElement(Unknown Source)
at org.openqa.selenium.support.events.EventFiringWebDriver.findElement(EventFiringWebDriver.java:194)
at org.openqa.selenium.support.pagefactory.DefaultElementLocator.findElement(DefaultElementLocator.java:69)
at org.openqa.selenium.support.pagefactory.internal.LocatingElementHandler.invoke(LocatingElementHandler.java:38)
at com.sun.proxy.$Proxy18.isDisplayed(Unknown Source)
at SSDPageObjects.SSDIKnowWhatINeedPage.OnlyNVMeIsSelected(SSDIKnowWhatINeedPage.java:473)
at hpe.SSDSelectorTool.SSDIKnowPageTest.ToVerifyInterfaceOptionNVMeResults(SSDIKnowPageTest.java:240)
at java.base/java.util.ArrayList.forEach(ArrayList.java:1511)
... Removed 35 stack frames]]>
    </failure>
  </testcase> <!-- ToVerifyInterfaceOptionNVMeResults -->
  <testcase classname="hpe.SSDSelectorTool.SSDIKnowPageTest" name="ToVerifyInterfaceOptionValueSASResults" time="2.983"/>
  <testcase classname="hpe.SSDSelectorTool.SSDIKnowPageTest" name="ToVerifyUnCheckFormFactorSection" time="0.295"/>
  <testcase classname="hpe.SSDSelectorTool.SSDIKnowPageTest" name="ToVerifyFormFactorOptionsAddInResults" time="7.548"/>
  <testcase classname="hpe.SSDSelectorTool.SSDIKnowPageTest" name="ToVerifyFormFactorOptionM2Results" time="2.307"/>
  <testcase classname="hpe.SSDSelectorTool.SSDIKnowPageTest" name="ToVerifyFormFactorOptionM2eResults" time="1.823">
    <failure type="org.openqa.selenium.StaleElementReferenceException" message="stale element reference: element is not attached to the page document
  (Session info: chrome=88.0.4324.104)
For documentation on this error, please visit: https://www.seleniumhq.org/exceptions/stale_element_reference.html
Build info: version: &amp;apos;3.141.59&amp;apos;, revision: &amp;apos;e82be7d358&amp;apos;, time: &amp;apos;2018-11-14T08:25:53&amp;apos;
System info: host: &amp;apos;DESKTOP-D27FDN2&amp;apos;, ip: &amp;apos;16.214.161.154&amp;apos;, os.name: &amp;apos;Windows 10&amp;apos;, os.arch: &amp;apos;amd64&amp;apos;, os.version: &amp;apos;10.0&amp;apos;, java.version: &amp;apos;14.0.2&amp;apos;
Driver info: org.openqa.selenium.chrome.ChromeDriver
Capabilities {acceptInsecureCerts: false, browserName: chrome, browserVersion: 88.0.4324.104, chrome: {chromedriverVersion: 88.0.4324.96 (68dba2d8a0b14..., userDataDir: C:\Users\user\AppData\Local...}, goog:chromeOptions: {debuggerAddress: localhost:49623}, javascriptEnabled: true, networkConnectionEnabled: false, pageLoadStrategy: normal, platform: WINDOWS, platformName: WINDOWS, proxy: Proxy(), setWindowRect: true, strictFileInteractability: false, timeouts: {implicit: 0, pageLoad: 300000, script: 30000}, unhandledPromptBehavior: dismiss and notify, webauthn:extension:largeBlob: true, webauthn:virtualAuthenticators: true}
Session ID: 1d05575a8c2098c0759cf22b5628dda2">
      <![CDATA[org.openqa.selenium.StaleElementReferenceException: stale element reference: element is not attached to the page document
  (Session info: chrome=88.0.4324.104)
For documentation on this error, please visit: https://www.seleniumhq.org/exceptions/stale_element_reference.html
Build info: version: '3.141.59', revision: 'e82be7d358', time: '2018-11-14T08:25:53'
System info: host: 'DESKTOP-D27FDN2', ip: '16.214.161.154', os.name: 'Windows 10', os.arch: 'amd64', os.version: '10.0', java.version: '14.0.2'
Driver info: org.openqa.selenium.chrome.ChromeDriver
Capabilities {acceptInsecureCerts: false, browserName: chrome, browserVersion: 88.0.4324.104, chrome: {chromedriverVersion: 88.0.4324.96 (68dba2d8a0b14..., userDataDir: C:\Users\user\AppData\Local...}, goog:chromeOptions: {debuggerAddress: localhost:49623}, javascriptEnabled: true, networkConnectionEnabled: false, pageLoadStrategy: normal, platform: WINDOWS, platformName: WINDOWS, proxy: Proxy(), setWindowRect: true, strictFileInteractability: false, timeouts: {implicit: 0, pageLoad: 300000, script: 30000}, unhandledPromptBehavior: dismiss and notify, webauthn:extension:largeBlob: true, webauthn:virtualAuthenticators: true}
Session ID: 1d05575a8c2098c0759cf22b5628dda2
at org.openqa.selenium.remote.http.W3CHttpResponseCodec.createException(W3CHttpResponseCodec.java:187)
at org.openqa.selenium.remote.http.W3CHttpResponseCodec.decode(W3CHttpResponseCodec.java:122)
at org.openqa.selenium.remote.http.W3CHttpResponseCodec.decode(W3CHttpResponseCodec.java:49)
at org.openqa.selenium.remote.HttpCommandExecutor.execute(HttpCommandExecutor.java:158)
at org.openqa.selenium.remote.service.DriverCommandExecutor.execute(DriverCommandExecutor.java:83)
at org.openqa.selenium.remote.RemoteWebDriver.execute(RemoteWebDriver.java:552)
at org.openqa.selenium.remote.RemoteWebElement.execute(RemoteWebElement.java:285)
at org.openqa.selenium.remote.RemoteWebElement.isDisplayed(RemoteWebElement.java:326)
at org.openqa.selenium.support.events.EventFiringWebDriver$EventFiringWebElement.lambda$new$0(EventFiringWebDriver.java:404)
at com.sun.proxy.$Proxy19.isDisplayed(Unknown Source)
at org.openqa.selenium.support.events.EventFiringWebDriver$EventFiringWebElement.isDisplayed(EventFiringWebDriver.java:470)
at org.openqa.selenium.support.pagefactory.internal.LocatingElementHandler.invoke(LocatingElementHandler.java:51)
at com.sun.proxy.$Proxy18.isDisplayed(Unknown Source)
at SSDPageObjects.SSDIKnowWhatINeedPage.OnlyM2EIsSelected(SSDIKnowWhatINeedPage.java:562)
at hpe.SSDSelectorTool.SSDIKnowPageTest.ToVerifyFormFactorOptionM2eResults(SSDIKnowPageTest.java:308)
at java.base/java.util.ArrayList.forEach(ArrayList.java:1511)
... Removed 38 stack frames]]>
    </failure>
  </testcase> <!-- ToVerifyFormFactorOptionM2eResults -->
  <testcase classname="hpe.SSDSelectorTool.SSDIKnowPageTest" name="ToVerifyFormFactorOptionLFFResults" time="3.971"/>
  <testcase classname="hpe.SSDSelectorTool.SSDIKnowPageTest" name="ToVerifyFormFactorOptionSFFResults" time="13.362"/>
  <testcase classname="hpe.SSDSelectorTool.SSDIKnowPageTest" name="ToVerifyNonMainstreamResults" time="0.352"/>
  <testcase classname="hpe.SSDSelectorTool.SSDIKnowPageTest" name="ToVerifyMainstreamResults" time="0.143"/>
  <testcase classname="hpe.SSDSelectorTool.SSDIKnowPageTest" name="ToVerifyBestAvailabilityOptionSelected" time="2.375"/>
  <testcase classname="hpe.SSDSelectorTool.SSDIKnowPageTest" name="ToVerifySearchTabSSDRequrimentLink" time="1.252"/>
  <testcase classname="hpe.SSDSelectorTool.SSDIKnowPageTest" name="ToVerifyToRetriveSSDsResults" time="1.656"/>
</testsuite> <!-- IKnowPageTest -->
