<html>
<head>
<title>TestNG:  IKnowPageTest</title>
<link href="../testng.css" rel="stylesheet" type="text/css" />
<link href="../my-testng.css" rel="stylesheet" type="text/css" />

<style type="text/css">
.log { display: none;} 
.stack-trace { display: none;} 
</style>
<script type="text/javascript">
<!--
function flip(e) {
  current = e.style.display;
  if (current == 'block') {
    e.style.display = 'none';
    return 0;
  }
  else {
    e.style.display = 'block';
    return 1;
  }
}

function toggleBox(szDivId, elem, msg1, msg2)
{
  var res = -1;  if (document.getElementById) {
    res = flip(document.getElementById(szDivId));
  }
  else if (document.all) {
    // this is the way old msie versions work
    res = flip(document.all[szDivId]);
  }
  if(elem) {
    if(res == 0) elem.innerHTML = msg1; else elem.innerHTML = msg2;
  }

}

function toggleAllBoxes() {
  if (document.getElementsByTagName) {
    d = document.getElementsByTagName('div');
    for (i = 0; i < d.length; i++) {
      if (d[i].className == 'log') {
        flip(d[i]);
      }
    }
  }
}

// -->
</script>

</head>
<body>
<h2 align='center'>IKnowPageTest</h2><table border='1' align="center">
<tr>
<td>Tests passed/Failed/Skipped:</td><td>18/4/0</td>
</tr><tr>
<td>Started on:</td><td>Thu Feb 04 23:41:45 PST 2021</td>
</tr>
<tr><td>Total time:</td><td>191 seconds (191546 ms)</td>
</tr><tr>
<td>Included groups:</td><td></td>
</tr><tr>
<td>Excluded groups:</td><td></td>
</tr>
</table><p/>
<small><i>(Hover the method name to see the test class name)</i></small><p/>
<table width='100%' border='1' class='invocation-failed'>
<tr><td colspan='4' align='center'><b>FAILED TESTS</b></td></tr>
<tr><td><b>Test method</b></td>
<td width="30%"><b>Exception</b></td>
<td width="10%"><b>Time (seconds)</b></td>
<td><b>Instance</b></td>
</tr>
<tr>
<td title='hpe.SSDSelectorTool.SSDIKnowPageTest.ToVerifyExcelFileResults()'><b>ToVerifyExcelFileResults</b><br>Test class: hpe.SSDSelectorTool.SSDIKnowPageTest<br>Test method: Verifying the Excel File Results</td>
<td><div><pre>java.lang.NoSuchMethodError: &apos;org.apache.poi.ss.usermodel.CellType org.apache.poi.xssf.usermodel.XSSFCell.getCellType()&apos;
	at SSDPageObjects.SSDExcelResult.compareTwoCells(SSDExcelResult.java:114)
	at SSDPageObjects.SSDExcelResult.compareTwoRows(SSDExcelResult.java:94)
	at SSDPageObjects.SSDExcelResult.compareTwoSheets(SSDExcelResult.java:67)
	at SSDPageObjects.SSDExcelResult.CompareTwoExcelFiles(SSDExcelResult.java:37)
	at hpe.SSDSelectorTool.SSDIKnowPageTest.ToVerifyExcelFileResults(SSDIKnowPageTest.java:192)
	at java.base/java.util.ArrayList.forEach(ArrayList.java:1511)
... Removed 27 stack frames</pre></div><a href='#' onClick='toggleBox("stack-trace2033254313", this, "Click to show all stack frames", "Click to hide stack frames")'>Click to show all stack frames</a>
<div class='stack-trace' id='stack-trace2033254313'><pre>java.lang.NoSuchMethodError: &apos;org.apache.poi.ss.usermodel.CellType org.apache.poi.xssf.usermodel.XSSFCell.getCellType()&apos;
	at SSDPageObjects.SSDExcelResult.compareTwoCells(SSDExcelResult.java:114)
	at SSDPageObjects.SSDExcelResult.compareTwoRows(SSDExcelResult.java:94)
	at SSDPageObjects.SSDExcelResult.compareTwoSheets(SSDExcelResult.java:67)
	at SSDPageObjects.SSDExcelResult.CompareTwoExcelFiles(SSDExcelResult.java:37)
	at hpe.SSDSelectorTool.SSDIKnowPageTest.ToVerifyExcelFileResults(SSDIKnowPageTest.java:192)
	at java.base/jdk.internal.reflect.NativeMethodAccessorImpl.invoke0(Native Method)
	at java.base/jdk.internal.reflect.NativeMethodAccessorImpl.invoke(NativeMethodAccessorImpl.java:62)
	at java.base/jdk.internal.reflect.DelegatingMethodAccessorImpl.invoke(DelegatingMethodAccessorImpl.java:43)
	at java.base/java.lang.reflect.Method.invoke(Method.java:564)
	at org.testng.internal.MethodInvocationHelper.invokeMethod(MethodInvocationHelper.java:134)
	at org.testng.internal.TestInvoker.invokeMethod(TestInvoker.java:597)
	at org.testng.internal.TestInvoker.invokeTestMethod(TestInvoker.java:173)
	at org.testng.internal.MethodRunner.runInSequence(MethodRunner.java:46)
	at org.testng.internal.TestInvoker$MethodInvocationAgent.invoke(TestInvoker.java:816)
	at org.testng.internal.TestInvoker.invokeTestMethods(TestInvoker.java:146)
	at org.testng.internal.TestMethodWorker.invokeTestMethods(TestMethodWorker.java:146)
	at org.testng.internal.TestMethodWorker.run(TestMethodWorker.java:128)
	at java.base/java.util.ArrayList.forEach(ArrayList.java:1511)
	at org.testng.TestRunner.privateRun(TestRunner.java:766)
	at org.testng.TestRunner.run(TestRunner.java:587)
	at org.testng.SuiteRunner.runTest(SuiteRunner.java:384)
	at org.testng.SuiteRunner.runSequentially(SuiteRunner.java:378)
	at org.testng.SuiteRunner.privateRun(SuiteRunner.java:337)
	at org.testng.SuiteRunner.run(SuiteRunner.java:286)
	at org.testng.SuiteRunnerWorker.runSuite(SuiteRunnerWorker.java:53)
	at org.testng.SuiteRunnerWorker.run(SuiteRunnerWorker.java:96)
	at org.testng.TestNG.runSuitesSequentially(TestNG.java:1187)
	at org.testng.TestNG.runSuitesLocally(TestNG.java:1109)
	at org.testng.TestNG.runSuites(TestNG.java:1039)
	at org.testng.TestNG.run(TestNG.java:1007)
	at org.testng.remote.AbstractRemoteTestNG.run(AbstractRemoteTestNG.java:115)
	at org.testng.remote.RemoteTestNG.initAndRun(RemoteTestNG.java:251)
	at org.testng.remote.RemoteTestNG.main(RemoteTestNG.java:77)
</pre></div></td>
<td>4</td>
<td>hpe.SSDSelectorTool.SSDIKnowPageTest@64df9a61</td></tr>
<tr>
<td title='hpe.SSDSelectorTool.SSDIKnowPageTest.ToVerifyFormFactorOptionM2eResults()'><b>ToVerifyFormFactorOptionM2eResults</b><br>Test class: hpe.SSDSelectorTool.SSDIKnowPageTest<br>Test method: To Verify the Form Factor M.2e SSDs</td>
<td><div><pre>org.openqa.selenium.StaleElementReferenceException: stale element reference: element is not attached to the page document
  (Session info: chrome=88.0.4324.104)
For documentation on this error, please visit: https://www.seleniumhq.org/exceptions/stale_element_reference.html
Build info: version: &apos;3.141.59&apos;, revision: &apos;e82be7d358&apos;, time: &apos;2018-11-14T08:25:53&apos;
System info: host: &apos;DESKTOP-D27FDN2&apos;, ip: &apos;16.214.161.154&apos;, os.name: &apos;Windows 10&apos;, os.arch: &apos;amd64&apos;, os.version: &apos;10.0&apos;, java.version: &apos;14.0.2&apos;
Driver info: org.openqa.selenium.chrome.ChromeDriver
Capabilities {acceptInsecureCerts: false, browserName: chrome, browserVersion: 88.0.4324.104, chrome: {chromedriverVersion: 88.0.4324.96 (68dba2d8a0b14..., userDataDir: C:\Users\user\AppData\Local...}, goog:chromeOptions: {debuggerAddress: localhost:49623}, javascriptEnabled: true, networkConnectionEnabled: false, pageLoadStrategy: normal, platform: WINDOWS, platformName: WINDOWS, proxy: Proxy(), setWindowRect: true, strictFileInteractability: false, timeouts: {implicit: 0, pageLoad: 300000, script: 30000}, unhandledPromptBehavior: dismiss and notify, webauthn:extension:largeBlob: true, webauthn:virtualAuthenticators: true}
Session ID: 1d05575a8c2098c0759cf22b5628dda2
	at org.openqa.selenium.remote.http.W3CHttpResponseCodec.createException(W3CHttpResponseCodec.java:187)
	at org.openqa.selenium.remote.http.W3CHttpResponseCodec.decode(W3CHttpResponseCodec.java:122)
	at org.openqa.selenium.remote.http.W3CHttpResponseCodec.decode(W3CHttpResponseCodec.java:49)
	at org.openqa.selenium.remote.HttpCommandExecutor.execute(HttpCommandExecutor.java:158)
	at org.openqa.selenium.remote.service.DriverCommandExecutor.execute(DriverCommandExecutor.java:83)
	at org.openqa.selenium.remote.RemoteWebDriver.execute(RemoteWebDriver.java:552)
	at org.openqa.selenium.remote.RemoteWebElement.execute(RemoteWebElement.java:285)
	at org.openqa.selenium.remote.RemoteWebElement.isDisplayed(RemoteWebElement.java:326)
	at org.openqa.selenium.support.events.EventFiringWebDriver$EventFiringWebElement.lambda$new$0(EventFiringWebDriver.java:404)
	at com.sun.proxy.$Proxy19.isDisplayed(Unknown Source)
	at org.openqa.selenium.support.events.EventFiringWebDriver$EventFiringWebElement.isDisplayed(EventFiringWebDriver.java:470)
	at org.openqa.selenium.support.pagefactory.internal.LocatingElementHandler.invoke(LocatingElementHandler.java:51)
	at com.sun.proxy.$Proxy18.isDisplayed(Unknown Source)
	at SSDPageObjects.SSDIKnowWhatINeedPage.OnlyM2EIsSelected(SSDIKnowWhatINeedPage.java:562)
	at hpe.SSDSelectorTool.SSDIKnowPageTest.ToVerifyFormFactorOptionM2eResults(SSDIKnowPageTest.java:308)
	at java.base/java.util.ArrayList.forEach(ArrayList.java:1511)
... Removed 38 stack frames</pre></div><a href='#' onClick='toggleBox("stack-trace2133612542", this, "Click to show all stack frames", "Click to hide stack frames")'>Click to show all stack frames</a>
<div class='stack-trace' id='stack-trace2133612542'><pre>org.openqa.selenium.StaleElementReferenceException: stale element reference: element is not attached to the page document
  (Session info: chrome=88.0.4324.104)
For documentation on this error, please visit: https://www.seleniumhq.org/exceptions/stale_element_reference.html
Build info: version: &apos;3.141.59&apos;, revision: &apos;e82be7d358&apos;, time: &apos;2018-11-14T08:25:53&apos;
System info: host: &apos;DESKTOP-D27FDN2&apos;, ip: &apos;16.214.161.154&apos;, os.name: &apos;Windows 10&apos;, os.arch: &apos;amd64&apos;, os.version: &apos;10.0&apos;, java.version: &apos;14.0.2&apos;
Driver info: org.openqa.selenium.chrome.ChromeDriver
Capabilities {acceptInsecureCerts: false, browserName: chrome, browserVersion: 88.0.4324.104, chrome: {chromedriverVersion: 88.0.4324.96 (68dba2d8a0b14..., userDataDir: C:\Users\user\AppData\Local...}, goog:chromeOptions: {debuggerAddress: localhost:49623}, javascriptEnabled: true, networkConnectionEnabled: false, pageLoadStrategy: normal, platform: WINDOWS, platformName: WINDOWS, proxy: Proxy(), setWindowRect: true, strictFileInteractability: false, timeouts: {implicit: 0, pageLoad: 300000, script: 30000}, unhandledPromptBehavior: dismiss and notify, webauthn:extension:largeBlob: true, webauthn:virtualAuthenticators: true}
Session ID: 1d05575a8c2098c0759cf22b5628dda2
	at java.base/jdk.internal.reflect.NativeConstructorAccessorImpl.newInstance0(Native Method)
	at java.base/jdk.internal.reflect.NativeConstructorAccessorImpl.newInstance(NativeConstructorAccessorImpl.java:62)
	at java.base/jdk.internal.reflect.DelegatingConstructorAccessorImpl.newInstance(DelegatingConstructorAccessorImpl.java:45)
	at java.base/java.lang.reflect.Constructor.newInstanceWithCaller(Constructor.java:500)
	at java.base/java.lang.reflect.Constructor.newInstance(Constructor.java:481)
	at org.openqa.selenium.remote.http.W3CHttpResponseCodec.createException(W3CHttpResponseCodec.java:187)
	at org.openqa.selenium.remote.http.W3CHttpResponseCodec.decode(W3CHttpResponseCodec.java:122)
	at org.openqa.selenium.remote.http.W3CHttpResponseCodec.decode(W3CHttpResponseCodec.java:49)
	at org.openqa.selenium.remote.HttpCommandExecutor.execute(HttpCommandExecutor.java:158)
	at org.openqa.selenium.remote.service.DriverCommandExecutor.execute(DriverCommandExecutor.java:83)
	at org.openqa.selenium.remote.RemoteWebDriver.execute(RemoteWebDriver.java:552)
	at org.openqa.selenium.remote.RemoteWebElement.execute(RemoteWebElement.java:285)
	at org.openqa.selenium.remote.RemoteWebElement.isDisplayed(RemoteWebElement.java:326)
	at jdk.internal.reflect.GeneratedMethodAccessor4.invoke(Unknown Source)
	at java.base/jdk.internal.reflect.DelegatingMethodAccessorImpl.invoke(DelegatingMethodAccessorImpl.java:43)
	at java.base/java.lang.reflect.Method.invoke(Method.java:564)
	at org.openqa.selenium.support.events.EventFiringWebDriver$EventFiringWebElement.lambda$new$0(EventFiringWebDriver.java:404)
	at com.sun.proxy.$Proxy19.isDisplayed(Unknown Source)
	at org.openqa.selenium.support.events.EventFiringWebDriver$EventFiringWebElement.isDisplayed(EventFiringWebDriver.java:470)
	at jdk.internal.reflect.GeneratedMethodAccessor4.invoke(Unknown Source)
	at java.base/jdk.internal.reflect.DelegatingMethodAccessorImpl.invoke(DelegatingMethodAccessorImpl.java:43)
	at java.base/java.lang.reflect.Method.invoke(Method.java:564)
	at org.openqa.selenium.support.pagefactory.internal.LocatingElementHandler.invoke(LocatingElementHandler.java:51)
	at com.sun.proxy.$Proxy18.isDisplayed(Unknown Source)
	at SSDPageObjects.SSDIKnowWhatINeedPage.OnlyM2EIsSelected(SSDIKnowWhatINeedPage.java:562)
	at hpe.SSDSelectorTool.SSDIKnowPageTest.ToVerifyFormFactorOptionM2eResults(SSDIKnowPageTest.java:308)
	at java.base/jdk.internal.reflect.NativeMethodAccessorImpl.invoke0(Native Method)
	at java.base/jdk.internal.reflect.NativeMethodAccessorImpl.invoke(NativeMethodAccessorImpl.java:62)
	at java.base/jdk.internal.reflect.DelegatingMethodAccessorImpl.invoke(DelegatingMethodAccessorImpl.java:43)
	at java.base/java.lang.reflect.Method.invoke(Method.java:564)
	at org.testng.internal.MethodInvocationHelper.invokeMethod(MethodInvocationHelper.java:134)
	at org.testng.internal.TestInvoker.invokeMethod(TestInvoker.java:597)
	at org.testng.internal.TestInvoker.invokeTestMethod(TestInvoker.java:173)
	at org.testng.internal.MethodRunner.runInSequence(MethodRunner.java:46)
	at org.testng.internal.TestInvoker$MethodInvocationAgent.invoke(TestInvoker.java:816)
	at org.testng.internal.TestInvoker.invokeTestMethods(TestInvoker.java:146)
	at org.testng.internal.TestMethodWorker.invokeTestMethods(TestMethodWorker.java:146)
	at org.testng.internal.TestMethodWorker.run(TestMethodWorker.java:128)
	at java.base/java.util.ArrayList.forEach(ArrayList.java:1511)
	at org.testng.TestRunner.privateRun(TestRunner.java:766)
	at org.testng.TestRunner.run(TestRunner.java:587)
	at org.testng.SuiteRunner.runTest(SuiteRunner.java:384)
	at org.testng.SuiteRunner.runSequentially(SuiteRunner.java:378)
	at org.testng.SuiteRunner.privateRun(SuiteRunner.java:337)
	at org.testng.SuiteRunner.run(SuiteRunner.java:286)
	at org.testng.SuiteRunnerWorker.runSuite(SuiteRunnerWorker.java:53)
	at org.testng.SuiteRunnerWorker.run(SuiteRunnerWorker.java:96)
	at org.testng.TestNG.runSuitesSequentially(TestNG.java:1187)
	at org.testng.TestNG.runSuitesLocally(TestNG.java:1109)
	at org.testng.TestNG.runSuites(TestNG.java:1039)
	at org.testng.TestNG.run(TestNG.java:1007)
	at org.testng.remote.AbstractRemoteTestNG.run(AbstractRemoteTestNG.java:115)
	at org.testng.remote.RemoteTestNG.initAndRun(RemoteTestNG.java:251)
	at org.testng.remote.RemoteTestNG.main(RemoteTestNG.java:77)
</pre></div></td>
<td>1</td>
<td>hpe.SSDSelectorTool.SSDIKnowPageTest@64df9a61</td></tr>
<tr>
<td title='hpe.SSDSelectorTool.SSDIKnowPageTest.ToVerifyInterfaceOptionNVMeResults()'><b>ToVerifyInterfaceOptionNVMeResults</b><br>Test class: hpe.SSDSelectorTool.SSDIKnowPageTest<br>Test method: To Verify the Interface Selected With NVMe SSDs</td>
<td><div><pre>org.openqa.selenium.NoSuchElementException: no such element: Unable to locate element: {&quot;method&quot;:&quot;xpath&quot;,&quot;selector&quot;:&quot;//div[contains(text(),&apos;SATA&apos;)]&quot;}
  (Session info: chrome=88.0.4324.104)
For documentation on this error, please visit: https://www.seleniumhq.org/exceptions/no_such_element.html
Build info: version: &apos;3.141.59&apos;, revision: &apos;e82be7d358&apos;, time: &apos;2018-11-14T08:25:53&apos;
System info: host: &apos;DESKTOP-D27FDN2&apos;, ip: &apos;16.214.161.154&apos;, os.name: &apos;Windows 10&apos;, os.arch: &apos;amd64&apos;, os.version: &apos;10.0&apos;, java.version: &apos;14.0.2&apos;
Driver info: org.openqa.selenium.chrome.ChromeDriver
Capabilities {acceptInsecureCerts: false, browserName: chrome, browserVersion: 88.0.4324.104, chrome: {chromedriverVersion: 88.0.4324.96 (68dba2d8a0b14..., userDataDir: C:\Users\user\AppData\Local...}, goog:chromeOptions: {debuggerAddress: localhost:49623}, javascriptEnabled: true, networkConnectionEnabled: false, pageLoadStrategy: normal, platform: WINDOWS, platformName: WINDOWS, proxy: Proxy(), setWindowRect: true, strictFileInteractability: false, timeouts: {implicit: 0, pageLoad: 300000, script: 30000}, unhandledPromptBehavior: dismiss and notify, webauthn:extension:largeBlob: true, webauthn:virtualAuthenticators: true}
Session ID: 1d05575a8c2098c0759cf22b5628dda2
*** Element info: {Using=xpath, value=//div[contains(text(),&apos;SATA&apos;)]}
	at org.openqa.selenium.remote.http.W3CHttpResponseCodec.createException(W3CHttpResponseCodec.java:187)
	at org.openqa.selenium.remote.http.W3CHttpResponseCodec.decode(W3CHttpResponseCodec.java:122)
	at org.openqa.selenium.remote.http.W3CHttpResponseCodec.decode(W3CHttpResponseCodec.java:49)
	at org.openqa.selenium.remote.HttpCommandExecutor.execute(HttpCommandExecutor.java:158)
	at org.openqa.selenium.remote.service.DriverCommandExecutor.execute(DriverCommandExecutor.java:83)
	at org.openqa.selenium.remote.RemoteWebDriver.execute(RemoteWebDriver.java:552)
	at org.openqa.selenium.remote.RemoteWebDriver.findElement(RemoteWebDriver.java:323)
	at org.openqa.selenium.remote.RemoteWebDriver.findElementByXPath(RemoteWebDriver.java:428)
	at org.openqa.selenium.By$ByXPath.findElement(By.java:353)
	at org.openqa.selenium.remote.RemoteWebDriver.findElement(RemoteWebDriver.java:315)
	at org.openqa.selenium.support.events.EventFiringWebDriver.lambda$new$1(EventFiringWebDriver.java:105)
	at com.sun.proxy.$Proxy14.findElement(Unknown Source)
	at org.openqa.selenium.support.events.EventFiringWebDriver.findElement(EventFiringWebDriver.java:194)
	at org.openqa.selenium.support.pagefactory.DefaultElementLocator.findElement(DefaultElementLocator.java:69)
	at org.openqa.selenium.support.pagefactory.internal.LocatingElementHandler.invoke(LocatingElementHandler.java:38)
	at com.sun.proxy.$Proxy18.isDisplayed(Unknown Source)
	at SSDPageObjects.SSDIKnowWhatINeedPage.OnlyNVMeIsSelected(SSDIKnowWhatINeedPage.java:473)
	at hpe.SSDSelectorTool.SSDIKnowPageTest.ToVerifyInterfaceOptionNVMeResults(SSDIKnowPageTest.java:240)
	at java.base/java.util.ArrayList.forEach(ArrayList.java:1511)
... Removed 35 stack frames</pre></div><a href='#' onClick='toggleBox("stack-trace210737063", this, "Click to show all stack frames", "Click to hide stack frames")'>Click to show all stack frames</a>
<div class='stack-trace' id='stack-trace210737063'><pre>org.openqa.selenium.NoSuchElementException: no such element: Unable to locate element: {&quot;method&quot;:&quot;xpath&quot;,&quot;selector&quot;:&quot;//div[contains(text(),&apos;SATA&apos;)]&quot;}
  (Session info: chrome=88.0.4324.104)
For documentation on this error, please visit: https://www.seleniumhq.org/exceptions/no_such_element.html
Build info: version: &apos;3.141.59&apos;, revision: &apos;e82be7d358&apos;, time: &apos;2018-11-14T08:25:53&apos;
System info: host: &apos;DESKTOP-D27FDN2&apos;, ip: &apos;16.214.161.154&apos;, os.name: &apos;Windows 10&apos;, os.arch: &apos;amd64&apos;, os.version: &apos;10.0&apos;, java.version: &apos;14.0.2&apos;
Driver info: org.openqa.selenium.chrome.ChromeDriver
Capabilities {acceptInsecureCerts: false, browserName: chrome, browserVersion: 88.0.4324.104, chrome: {chromedriverVersion: 88.0.4324.96 (68dba2d8a0b14..., userDataDir: C:\Users\user\AppData\Local...}, goog:chromeOptions: {debuggerAddress: localhost:49623}, javascriptEnabled: true, networkConnectionEnabled: false, pageLoadStrategy: normal, platform: WINDOWS, platformName: WINDOWS, proxy: Proxy(), setWindowRect: true, strictFileInteractability: false, timeouts: {implicit: 0, pageLoad: 300000, script: 30000}, unhandledPromptBehavior: dismiss and notify, webauthn:extension:largeBlob: true, webauthn:virtualAuthenticators: true}
Session ID: 1d05575a8c2098c0759cf22b5628dda2
*** Element info: {Using=xpath, value=//div[contains(text(),&apos;SATA&apos;)]}
	at java.base/jdk.internal.reflect.NativeConstructorAccessorImpl.newInstance0(Native Method)
	at java.base/jdk.internal.reflect.NativeConstructorAccessorImpl.newInstance(NativeConstructorAccessorImpl.java:62)
	at java.base/jdk.internal.reflect.DelegatingConstructorAccessorImpl.newInstance(DelegatingConstructorAccessorImpl.java:45)
	at java.base/java.lang.reflect.Constructor.newInstanceWithCaller(Constructor.java:500)
	at java.base/java.lang.reflect.Constructor.newInstance(Constructor.java:481)
	at org.openqa.selenium.remote.http.W3CHttpResponseCodec.createException(W3CHttpResponseCodec.java:187)
	at org.openqa.selenium.remote.http.W3CHttpResponseCodec.decode(W3CHttpResponseCodec.java:122)
	at org.openqa.selenium.remote.http.W3CHttpResponseCodec.decode(W3CHttpResponseCodec.java:49)
	at org.openqa.selenium.remote.HttpCommandExecutor.execute(HttpCommandExecutor.java:158)
	at org.openqa.selenium.remote.service.DriverCommandExecutor.execute(DriverCommandExecutor.java:83)
	at org.openqa.selenium.remote.RemoteWebDriver.execute(RemoteWebDriver.java:552)
	at org.openqa.selenium.remote.RemoteWebDriver.findElement(RemoteWebDriver.java:323)
	at org.openqa.selenium.remote.RemoteWebDriver.findElementByXPath(RemoteWebDriver.java:428)
	at org.openqa.selenium.By$ByXPath.findElement(By.java:353)
	at org.openqa.selenium.remote.RemoteWebDriver.findElement(RemoteWebDriver.java:315)
	at jdk.internal.reflect.GeneratedMethodAccessor2.invoke(Unknown Source)
	at java.base/jdk.internal.reflect.DelegatingMethodAccessorImpl.invoke(DelegatingMethodAccessorImpl.java:43)
	at java.base/java.lang.reflect.Method.invoke(Method.java:564)
	at org.openqa.selenium.support.events.EventFiringWebDriver.lambda$new$1(EventFiringWebDriver.java:105)
	at com.sun.proxy.$Proxy14.findElement(Unknown Source)
	at org.openqa.selenium.support.events.EventFiringWebDriver.findElement(EventFiringWebDriver.java:194)
	at org.openqa.selenium.support.pagefactory.DefaultElementLocator.findElement(DefaultElementLocator.java:69)
	at org.openqa.selenium.support.pagefactory.internal.LocatingElementHandler.invoke(LocatingElementHandler.java:38)
	at com.sun.proxy.$Proxy18.isDisplayed(Unknown Source)
	at SSDPageObjects.SSDIKnowWhatINeedPage.OnlyNVMeIsSelected(SSDIKnowWhatINeedPage.java:473)
	at hpe.SSDSelectorTool.SSDIKnowPageTest.ToVerifyInterfaceOptionNVMeResults(SSDIKnowPageTest.java:240)
	at java.base/jdk.internal.reflect.NativeMethodAccessorImpl.invoke0(Native Method)
	at java.base/jdk.internal.reflect.NativeMethodAccessorImpl.invoke(NativeMethodAccessorImpl.java:62)
	at java.base/jdk.internal.reflect.DelegatingMethodAccessorImpl.invoke(DelegatingMethodAccessorImpl.java:43)
	at java.base/java.lang.reflect.Method.invoke(Method.java:564)
	at org.testng.internal.MethodInvocationHelper.invokeMethod(MethodInvocationHelper.java:134)
	at org.testng.internal.TestInvoker.invokeMethod(TestInvoker.java:597)
	at org.testng.internal.TestInvoker.invokeTestMethod(TestInvoker.java:173)
	at org.testng.internal.MethodRunner.runInSequence(MethodRunner.java:46)
	at org.testng.internal.TestInvoker$MethodInvocationAgent.invoke(TestInvoker.java:816)
	at org.testng.internal.TestInvoker.invokeTestMethods(TestInvoker.java:146)
	at org.testng.internal.TestMethodWorker.invokeTestMethods(TestMethodWorker.java:146)
	at org.testng.internal.TestMethodWorker.run(TestMethodWorker.java:128)
	at java.base/java.util.ArrayList.forEach(ArrayList.java:1511)
	at org.testng.TestRunner.privateRun(TestRunner.java:766)
	at org.testng.TestRunner.run(TestRunner.java:587)
	at org.testng.SuiteRunner.runTest(SuiteRunner.java:384)
	at org.testng.SuiteRunner.runSequentially(SuiteRunner.java:378)
	at org.testng.SuiteRunner.privateRun(SuiteRunner.java:337)
	at org.testng.SuiteRunner.run(SuiteRunner.java:286)
	at org.testng.SuiteRunnerWorker.runSuite(SuiteRunnerWorker.java:53)
	at org.testng.SuiteRunnerWorker.run(SuiteRunnerWorker.java:96)
	at org.testng.TestNG.runSuitesSequentially(TestNG.java:1187)
	at org.testng.TestNG.runSuitesLocally(TestNG.java:1109)
	at org.testng.TestNG.runSuites(TestNG.java:1039)
	at org.testng.TestNG.run(TestNG.java:1007)
	at org.testng.remote.AbstractRemoteTestNG.run(AbstractRemoteTestNG.java:115)
	at org.testng.remote.RemoteTestNG.initAndRun(RemoteTestNG.java:251)
	at org.testng.remote.RemoteTestNG.main(RemoteTestNG.java:77)
</pre></div></td>
<td>22</td>
<td>hpe.SSDSelectorTool.SSDIKnowPageTest@64df9a61</td></tr>
<tr>
<td title='hpe.SSDSelectorTool.SSDIKnowPageTest.ToVerifyInterfaceOptionSATAResults()'><b>ToVerifyInterfaceOptionSATAResults</b><br>Test class: hpe.SSDSelectorTool.SSDIKnowPageTest<br>Test method: To Verify the Interface Selected With SATA SSDs</td>
<td><div><pre>org.openqa.selenium.TimeoutException: Expected condition failed: waiting for text (&apos;42 -  SSDs meet your requirements&apos;) to be present in element [[ChromeDriver: chrome on WINDOWS (1d05575a8c2098c0759cf22b5628dda2)] -&gt; xpath: //*[@id=&quot;panel-ggroup3&quot;]/div/div[1]/h4/a] (tried for 40 second(s) with 500 milliseconds interval)
Build info: version: &apos;3.141.59&apos;, revision: &apos;e82be7d358&apos;, time: &apos;2018-11-14T08:25:53&apos;
System info: host: &apos;DESKTOP-D27FDN2&apos;, ip: &apos;16.214.161.154&apos;, os.name: &apos;Windows 10&apos;, os.arch: &apos;amd64&apos;, os.version: &apos;10.0&apos;, java.version: &apos;14.0.2&apos;
Driver info: org.openqa.selenium.support.events.EventFiringWebDriver
Capabilities {acceptInsecureCerts: false, browserName: chrome, browserVersion: 88.0.4324.104, chrome: {chromedriverVersion: 88.0.4324.96 (68dba2d8a0b14..., userDataDir: C:\Users\user\AppData\Local...}, goog:chromeOptions: {debuggerAddress: localhost:49623}, javascriptEnabled: true, networkConnectionEnabled: false, pageLoadStrategy: normal, platform: WINDOWS, platformName: WINDOWS, proxy: Proxy(), setWindowRect: true, strictFileInteractability: false, timeouts: {implicit: 0, pageLoad: 300000, script: 30000}, unhandledPromptBehavior: dismiss and notify, webauthn:extension:largeBlob: true, webauthn:virtualAuthenticators: true}
Session ID: 1d05575a8c2098c0759cf22b5628dda2
	at org.openqa.selenium.support.ui.WebDriverWait.timeoutException(WebDriverWait.java:95)
	at org.openqa.selenium.support.ui.FluentWait.until(FluentWait.java:272)
	at hpe.SSDSelectorTool.SSDIKnowPageTest.ToVerifyInterfaceOptionSATAResults(SSDIKnowPageTest.java:230)
	at java.base/java.util.ArrayList.forEach(ArrayList.java:1511)
... Removed 27 stack frames</pre></div><a href='#' onClick='toggleBox("stack-trace953683301", this, "Click to show all stack frames", "Click to hide stack frames")'>Click to show all stack frames</a>
<div class='stack-trace' id='stack-trace953683301'><pre>org.openqa.selenium.TimeoutException: Expected condition failed: waiting for text (&apos;42 -  SSDs meet your requirements&apos;) to be present in element [[ChromeDriver: chrome on WINDOWS (1d05575a8c2098c0759cf22b5628dda2)] -&gt; xpath: //*[@id=&quot;panel-ggroup3&quot;]/div/div[1]/h4/a] (tried for 40 second(s) with 500 milliseconds interval)
Build info: version: &apos;3.141.59&apos;, revision: &apos;e82be7d358&apos;, time: &apos;2018-11-14T08:25:53&apos;
System info: host: &apos;DESKTOP-D27FDN2&apos;, ip: &apos;16.214.161.154&apos;, os.name: &apos;Windows 10&apos;, os.arch: &apos;amd64&apos;, os.version: &apos;10.0&apos;, java.version: &apos;14.0.2&apos;
Driver info: org.openqa.selenium.support.events.EventFiringWebDriver
Capabilities {acceptInsecureCerts: false, browserName: chrome, browserVersion: 88.0.4324.104, chrome: {chromedriverVersion: 88.0.4324.96 (68dba2d8a0b14..., userDataDir: C:\Users\user\AppData\Local...}, goog:chromeOptions: {debuggerAddress: localhost:49623}, javascriptEnabled: true, networkConnectionEnabled: false, pageLoadStrategy: normal, platform: WINDOWS, platformName: WINDOWS, proxy: Proxy(), setWindowRect: true, strictFileInteractability: false, timeouts: {implicit: 0, pageLoad: 300000, script: 30000}, unhandledPromptBehavior: dismiss and notify, webauthn:extension:largeBlob: true, webauthn:virtualAuthenticators: true}
Session ID: 1d05575a8c2098c0759cf22b5628dda2
	at org.openqa.selenium.support.ui.WebDriverWait.timeoutException(WebDriverWait.java:95)
	at org.openqa.selenium.support.ui.FluentWait.until(FluentWait.java:272)
	at hpe.SSDSelectorTool.SSDIKnowPageTest.ToVerifyInterfaceOptionSATAResults(SSDIKnowPageTest.java:230)
	at java.base/jdk.internal.reflect.NativeMethodAccessorImpl.invoke0(Native Method)
	at java.base/jdk.internal.reflect.NativeMethodAccessorImpl.invoke(NativeMethodAccessorImpl.java:62)
	at java.base/jdk.internal.reflect.DelegatingMethodAccessorImpl.invoke(DelegatingMethodAccessorImpl.java:43)
	at java.base/java.lang.reflect.Method.invoke(Method.java:564)
	at org.testng.internal.MethodInvocationHelper.invokeMethod(MethodInvocationHelper.java:134)
	at org.testng.internal.TestInvoker.invokeMethod(TestInvoker.java:597)
	at org.testng.internal.TestInvoker.invokeTestMethod(TestInvoker.java:173)
	at org.testng.internal.MethodRunner.runInSequence(MethodRunner.java:46)
	at org.testng.internal.TestInvoker$MethodInvocationAgent.invoke(TestInvoker.java:816)
	at org.testng.internal.TestInvoker.invokeTestMethods(TestInvoker.java:146)
	at org.testng.internal.TestMethodWorker.invokeTestMethods(TestMethodWorker.java:146)
	at org.testng.internal.TestMethodWorker.run(TestMethodWorker.java:128)
	at java.base/java.util.ArrayList.forEach(ArrayList.java:1511)
	at org.testng.TestRunner.privateRun(TestRunner.java:766)
	at org.testng.TestRunner.run(TestRunner.java:587)
	at org.testng.SuiteRunner.runTest(SuiteRunner.java:384)
	at org.testng.SuiteRunner.runSequentially(SuiteRunner.java:378)
	at org.testng.SuiteRunner.privateRun(SuiteRunner.java:337)
	at org.testng.SuiteRunner.run(SuiteRunner.java:286)
	at org.testng.SuiteRunnerWorker.runSuite(SuiteRunnerWorker.java:53)
	at org.testng.SuiteRunnerWorker.run(SuiteRunnerWorker.java:96)
	at org.testng.TestNG.runSuitesSequentially(TestNG.java:1187)
	at org.testng.TestNG.runSuitesLocally(TestNG.java:1109)
	at org.testng.TestNG.runSuites(TestNG.java:1039)
	at org.testng.TestNG.run(TestNG.java:1007)
	at org.testng.remote.AbstractRemoteTestNG.run(AbstractRemoteTestNG.java:115)
	at org.testng.remote.RemoteTestNG.initAndRun(RemoteTestNG.java:251)
	at org.testng.remote.RemoteTestNG.main(RemoteTestNG.java:77)
</pre></div></td>
<td>45</td>
<td>hpe.SSDSelectorTool.SSDIKnowPageTest@64df9a61</td></tr>
</table><p>
<table width='100%' border='1' class='invocation-passed'>
<tr><td colspan='4' align='center'><b>PASSED TESTS</b></td></tr>
<tr><td><b>Test method</b></td>
<td width="30%"><b>Exception</b></td>
<td width="10%"><b>Time (seconds)</b></td>
<td><b>Instance</b></td>
</tr>
<tr>
<td title='hpe.SSDSelectorTool.SSDIKnowPageTest.ToVerifyBestAvailabilityOptionSelected()'><b>ToVerifyBestAvailabilityOptionSelected</b><br>Test class: hpe.SSDSelectorTool.SSDIKnowPageTest<br>Test method: To Verify Alert Message and Non-Mainstream SSDS</td>
<td></td>
<td>2</td>
<td>hpe.SSDSelectorTool.SSDIKnowPageTest@64df9a61</td></tr>
<tr>
<td title='hpe.SSDSelectorTool.SSDIKnowPageTest.ToVerifyDownloadFile()'><b>ToVerifyDownloadFile</b><br>Test class: hpe.SSDSelectorTool.SSDIKnowPageTest<br>Test method: Verifying the PDF file is downloaded</td>
<td></td>
<td>5</td>
<td>hpe.SSDSelectorTool.SSDIKnowPageTest@64df9a61</td></tr>
<tr>
<td title='hpe.SSDSelectorTool.SSDIKnowPageTest.ToVerifyFormFactorOptionLFFResults()'><b>ToVerifyFormFactorOptionLFFResults</b><br>Test class: hpe.SSDSelectorTool.SSDIKnowPageTest<br>Test method: To Verify the Form Factor 3.5 SSDS</td>
<td></td>
<td>3</td>
<td>hpe.SSDSelectorTool.SSDIKnowPageTest@64df9a61</td></tr>
<tr>
<td title='hpe.SSDSelectorTool.SSDIKnowPageTest.ToVerifyFormFactorOptionM2Results()'><b>ToVerifyFormFactorOptionM2Results</b><br>Test class: hpe.SSDSelectorTool.SSDIKnowPageTest<br>Test method: To Verify the Form Factor M.2 SSDs</td>
<td></td>
<td>2</td>
<td>hpe.SSDSelectorTool.SSDIKnowPageTest@64df9a61</td></tr>
<tr>
<td title='hpe.SSDSelectorTool.SSDIKnowPageTest.ToVerifyFormFactorOptionSFFResults()'><b>ToVerifyFormFactorOptionSFFResults</b><br>Test class: hpe.SSDSelectorTool.SSDIKnowPageTest<br>Test method: To Verify the Form Factor 2.5 SSDs</td>
<td></td>
<td>13</td>
<td>hpe.SSDSelectorTool.SSDIKnowPageTest@64df9a61</td></tr>
<tr>
<td title='hpe.SSDSelectorTool.SSDIKnowPageTest.ToVerifyFormFactorOptionsAddInResults()'><b>ToVerifyFormFactorOptionsAddInResults</b><br>Test class: hpe.SSDSelectorTool.SSDIKnowPageTest<br>Test method: To Verify the Form Factor Add-InCard SSDs</td>
<td></td>
<td>7</td>
<td>hpe.SSDSelectorTool.SSDIKnowPageTest@64df9a61</td></tr>
<tr>
<td title='hpe.SSDSelectorTool.SSDIKnowPageTest.ToVerifyIKnowWhatINeedURL()'><b>ToVerifyIKnowWhatINeedURL</b><br>Test class: hpe.SSDSelectorTool.SSDIKnowPageTest<br>Test method: Verifying the I Know What I Need URl</td>
<td></td>
<td>0</td>
<td>hpe.SSDSelectorTool.SSDIKnowPageTest@64df9a61</td></tr>
<tr>
<td title='hpe.SSDSelectorTool.SSDIKnowPageTest.ToVerifyInterfaceOptionSASResults()'><b>ToVerifyInterfaceOptionSASResults</b><br>Test class: hpe.SSDSelectorTool.SSDIKnowPageTest<br>Test method: To Verify the Interface Selected SSDs Results</td>
<td></td>
<td>3</td>
<td>hpe.SSDSelectorTool.SSDIKnowPageTest@64df9a61</td></tr>
<tr>
<td title='hpe.SSDSelectorTool.SSDIKnowPageTest.ToVerifyInterfaceOptionValueSASResults()'><b>ToVerifyInterfaceOptionValueSASResults</b><br>Test class: hpe.SSDSelectorTool.SSDIKnowPageTest<br>Test method: To Verify the Interface Selected With SAS SSDS</td>
<td></td>
<td>2</td>
<td>hpe.SSDSelectorTool.SSDIKnowPageTest@64df9a61</td></tr>
<tr>
<td title='hpe.SSDSelectorTool.SSDIKnowPageTest.ToVerifyMainstreamResults()'><b>ToVerifyMainstreamResults</b><br>Test class: hpe.SSDSelectorTool.SSDIKnowPageTest<br>Test method: To Verify to display Non-Mainstream SSDs on click on Mainstream Checkbox</td>
<td></td>
<td>0</td>
<td>hpe.SSDSelectorTool.SSDIKnowPageTest@64df9a61</td></tr>
<tr>
<td title='hpe.SSDSelectorTool.SSDIKnowPageTest.ToVerifyNonMainstreamResults()'><b>ToVerifyNonMainstreamResults</b><br>Test class: hpe.SSDSelectorTool.SSDIKnowPageTest<br>Test method: To Verify Non-Mainstream SSDs Results</td>
<td></td>
<td>0</td>
<td>hpe.SSDSelectorTool.SSDIKnowPageTest@64df9a61</td></tr>
<tr>
<td title='hpe.SSDSelectorTool.SSDIKnowPageTest.ToVerifyReadOptionsResults()'><b>ToVerifyReadOptionsResults</b><br>Test class: hpe.SSDSelectorTool.SSDIKnowPageTest<br>Test method: Verifying Read Options Selected</td>
<td></td>
<td>6</td>
<td>hpe.SSDSelectorTool.SSDIKnowPageTest@64df9a61</td></tr>
<tr>
<td title='hpe.SSDSelectorTool.SSDIKnowPageTest.ToVerifySSDResults()'><b>ToVerifySSDResults</b><br>Test class: hpe.SSDSelectorTool.SSDIKnowPageTest<br>Test method: Verifying the SSD Results with 250 SSDs</td>
<td></td>
<td>2</td>
<td>hpe.SSDSelectorTool.SSDIKnowPageTest@64df9a61</td></tr>
<tr>
<td title='hpe.SSDSelectorTool.SSDIKnowPageTest.ToVerifySearchTabSSDRequrimentLink()'><b>ToVerifySearchTabSSDRequrimentLink</b><br>Test class: hpe.SSDSelectorTool.SSDIKnowPageTest<br>Test method: To Verify SSD Search Tab, with wrong input and SSD Requirement Link</td>
<td></td>
<td>1</td>
<td>hpe.SSDSelectorTool.SSDIKnowPageTest@64df9a61</td></tr>
<tr>
<td title='hpe.SSDSelectorTool.SSDIKnowPageTest.ToVerifySelectedOptions()'><b>ToVerifySelectedOptions</b><br>Test class: hpe.SSDSelectorTool.SSDIKnowPageTest</td>
<td></td>
<td>2</td>
<td>hpe.SSDSelectorTool.SSDIKnowPageTest@64df9a61</td></tr>
<tr>
<td title='hpe.SSDSelectorTool.SSDIKnowPageTest.ToVerifyToRetriveSSDsResults()'><b>ToVerifyToRetriveSSDsResults</b><br>Test class: hpe.SSDSelectorTool.SSDIKnowPageTest<br>Test method: To Verify to clear Search Tab and retrive the SSDs Results</td>
<td></td>
<td>1</td>
<td>hpe.SSDSelectorTool.SSDIKnowPageTest@64df9a61</td></tr>
<tr>
<td title='hpe.SSDSelectorTool.SSDIKnowPageTest.ToVerifyUnCheckFormFactorSection()'><b>ToVerifyUnCheckFormFactorSection</b><br>Test class: hpe.SSDSelectorTool.SSDIKnowPageTest<br>Test method: To Uncheck the Form Factor SSDs</td>
<td></td>
<td>0</td>
<td>hpe.SSDSelectorTool.SSDIKnowPageTest@64df9a61</td></tr>
<tr>
<td title='hpe.SSDSelectorTool.SSDIKnowPageTest.ToVerifyUnCheckInterface()'><b>ToVerifyUnCheckInterface</b><br>Test class: hpe.SSDSelectorTool.SSDIKnowPageTest<br>Test method: To Check the Interface Options</td>
<td></td>
<td>3</td>
<td>hpe.SSDSelectorTool.SSDIKnowPageTest@64df9a61</td></tr>
</table><p>
</body>
</html>