<?xml version="1.0" encoding="UTF-8"?>
<!-- Generated by org.testng.reporters.JUnitXMLReporter -->
<testsuite ignored="0" hostname="DESKTOP-D27FDN2" failures="2" tests="77" name="Automation Test Suite for SSD Selector Tool" time="112.434" errors="0" timestamp="2021-02-01T04:15:47 GMT-08:00">
  <testcase classname="hpe.SSDSelectorTool.SSDWorkLoad" name="LetStart" time="32.459"/>
  <testcase classname="hpe.SSDSelectorTool.SSDWorkLoad" name="ToVerifyReadIntensiveNotSelected" time="0.063"/>
  <testcase classname="hpe.SSDSelectorTool.SSDWorkLoad" name="ToVerifyNextButton" time="0.048"/>
  <testcase classname="hpe.SSDSelectorTool.SSDWorkLoad" name="ToVerifyAllReadIntensiveSelected" time="0.277"/>
  <testcase classname="hpe.SSDSelectorTool.SSDWorkLoad" name="ToVerifyNextButtonEnabled" time="0.04"/>
  <testcase classname="hpe.SSDSelectorTool.SSDWorkLoad" name="ToVerifyLearnAboutWorkload" time="1.115"/>
  <testcase classname="hpe.SSDSelectorTool.SSDWorkLoad" name="NextBtn" time="2.452"/>
  <testcase classname="hpe.SSDSelectorTool.SSDType" name="ToVerifySSDTypePage" time="0.025"/>
  <testcase classname="hpe.SSDSelectorTool.SSDType" name="ToVerifyReadSSDSelected" time="0.058"/>
  <testcase classname="hpe.SSDSelectorTool.SSDType" name="ToVerifyMixedSSDSelected" time="0.005"/>
  <testcase classname="hpe.SSDSelectorTool.SSDType" name="ToVerifyWriteSSDSelected" time="0.005"/>
  <testcase classname="hpe.SSDSelectorTool.SSDType" name="ToVerifyVROSSDSelected" time="0.005"/>
  <testcase classname="hpe.SSDSelectorTool.SSDType" name="ToVerfiyNextBtn" time="0.055"/>
  <testcase classname="hpe.SSDSelectorTool.SSDType" name="ToVerifySelectAll" time="0.077"/>
  <testcase classname="hpe.SSDSelectorTool.SSDType" name="ToVerfiyBackBtn" time="5.07"/>
  <testcase classname="hpe.SSDSelectorTool.SSDType" name="ToVerfiySSDNextBtn" time="5.956"/>
  <testcase classname="hpe.SSDSelectorTool.SSDServerType" name="ToVerifyServerTypeURL" time="0.013"/>
  <testcase classname="hpe.SSDSelectorTool.SSDServerType" name="ToVerifyServerModelNxtBtn" time="0.204"/>
  <testcase classname="hpe.SSDSelectorTool.SSDServerType" name="ToVerifyServerTypeDropDown" time="1.173"/>
  <testcase classname="hpe.SSDSelectorTool.SSDServerType" name="ToVerfiyServerModelDropDown" time="0.555"/>
  <testcase classname="hpe.SSDSelectorTool.SSDServerType" name="ToVerifyWorkledSelected" time="0.407"/>
  <testcase classname="hpe.SSDSelectorTool.SSDServerType" name="ToVerifyTargetTable" time="0.051"/>
  <testcase classname="hpe.SSDSelectorTool.SSDServerType" name="ToVerifyBackButton" time="6.024"/>
  <testcase classname="hpe.SSDSelectorTool.SSDServerType" name="ToVerifySelectAll" time="0.039"/>
  <testcase classname="hpe.SSDSelectorTool.SSDServerType" name="ToVerifyServerNextBtn" time="3.355"/>
  <testcase classname="hpe.SSDSelectorTool.SSDDrvCapacity" name="ToVerifyCapacityPageURL" time="0.031"/>
  <testcase classname="hpe.SSDSelectorTool.SSDDrvCapacity" name="ToVerifyMoveMaxSlider" time="0.095"/>
  <testcase classname="hpe.SSDSelectorTool.SSDDrvCapacity" name="ToVerifyMoveMinSlider" time="0.217"/>
  <testcase classname="hpe.SSDSelectorTool.SSDDrvCapacity" name="ToVerifyDrivCapacityNxtBtn" time="0.852"/>
  <testcase classname="hpe.SSDSelectorTool.SSDDrvCapacity" name="ToVerifySearchIcon" time="0.056"/>
  <testcase classname="hpe.SSDSelectorTool.SSDDrvCapacity" name="ToCapacityNextBtn" time="4.001"/>
  <testcase classname="hpe.SSDSelectorTool.SSDInterfaceType" name="ToVerifyInterfaceTypePageURL" time="0.009"/>
  <testcase classname="hpe.SSDSelectorTool.SSDInterfaceType" name="ToVerifyInterfaceTypeNxtBtn" time="0.051"/>
  <testcase classname="hpe.SSDSelectorTool.SSDInterfaceType" name="ToVerifySASAutoSelected" time="0.348"/>
  <testcase classname="hpe.SSDSelectorTool.SSDInterfaceType" name="ToVerifySATAAutoSelected" time="0.039"/>
  <testcase classname="hpe.SSDSelectorTool.SSDInterfaceType" name="ToVerifyNVMeAutoSelected" time="0.046"/>
  <testcase classname="hpe.SSDSelectorTool.SSDInterfaceType" name="ToVerifySearchIcon" time="0.043"/>
  <testcase classname="hpe.SSDSelectorTool.SSDInterfaceType" name="ToVerifyNextBtn" time="10.683"/>
  <testcase classname="hpe.SSDSelectorTool.SSDFormFactorType" name="ToVerifyFormFactorPageURL" time="0.007"/>
  <testcase classname="hpe.SSDSelectorTool.SSDFormFactorType" name="ToVerifyFormFactorPageNxtBtn" time="0.05"/>
  <testcase classname="hpe.SSDSelectorTool.SSDFormFactorType" name="ToVerifyFFM2Image" time="0.077"/>
  <testcase classname="hpe.SSDSelectorTool.SSDFormFactorType" name="ToVerifyFFM2Selected" time="0.045"/>
  <testcase classname="hpe.SSDSelectorTool.SSDFormFactorType" name="ToVerifyFFLFFImage" time="0.068"/>
  <testcase classname="hpe.SSDSelectorTool.SSDFormFactorType" name="ToVerifyFFLFFSelected" time="0.043"/>
  <testcase classname="hpe.SSDSelectorTool.SSDFormFactorType" name="ToVerifyFFSFFImage" time="0.052"/>
  <testcase classname="hpe.SSDSelectorTool.SSDFormFactorType" name="ToVerifyFFSFFSelected" time="0.029"/>
  <testcase classname="hpe.SSDSelectorTool.SSDFormFactorType" name="ToVerifyFFM2EDisplayed" time="0.064"/>
  <testcase classname="hpe.SSDSelectorTool.SSDFormFactorType" name="ToVerifyFFM2ESelected" time="0.041"/>
  <testcase classname="hpe.SSDSelectorTool.SSDFormFactorType" name="ToVerifyFFSearchIcon" time="0.05"/>
  <testcase classname="hpe.SSDSelectorTool.SSDFormFactorType" name="ToVerifyFFNxtBtn" time="3.637"/>
  <testcase classname="hpe.SSDSelectorTool.SSDBestAvailPage" name="ToVerifyMainstreamPageURL" time="0.01"/>
  <testcase classname="hpe.SSDSelectorTool.SSDBestAvailPage" name="ToVerifyMainNxtBtn" time="0.04"/>
  <testcase classname="hpe.SSDSelectorTool.SSDBestAvailPage" name="ToVerifyMainstream" time="0.031"/>
  <testcase classname="hpe.SSDSelectorTool.SSDBestAvailPage" name="ToVerifyNonMainstream" time="0.029"/>
  <testcase classname="hpe.SSDSelectorTool.SSDBestAvailPage" name="ToVerifyClickMainstreamNext" time="0.077"/>
  <testcase classname="hpe.SSDSelectorTool.SSDBestAvailPage" name="ToVerifyClickMainstreamNon" time="0.1"/>
  <testcase classname="hpe.SSDSelectorTool.SSDBestAvailPage" name="ToVerifyNextSelectAll" time="0.081"/>
  <testcase classname="hpe.SSDSelectorTool.SSDBestAvailPage" name="ToVerifyBestAvailabilityNextBtn" time="9.213"/>
  <testcase classname="hpe.SSDSelectorTool.SSDBestAvailPage" name="ToVerifySearchIcon" time="0.058"/>
  <testcase classname="hpe.SSDSelectorTool.SSDResultsPages" name="ToVerifyResultPageURL" time="0.027"/>
  <testcase classname="hpe.SSDSelectorTool.SSDResultsPages" name="ToVerifyRefineYourResultsLabel" time="0.073"/>
  <testcase classname="hpe.SSDSelectorTool.SSDResultsPages" name="ToVerifySSDPortfolioAlignmentlabel" time="0.063"/>
  <testcase classname="hpe.SSDSelectorTool.SSDResultsPages" name="ToVerifyFeedBackLabel" time="0.083"/>
  <testcase classname="hpe.SSDSelectorTool.SSDResultsPages" name="ToVerifyPrintLabel" time="0.055"/>
  <testcase classname="hpe.SSDSelectorTool.SSDResultsPages" name="ToVerifyStartOverLabel" time="0.04"/>
  <testcase classname="hpe.SSDSelectorTool.SSDResultsPages" name="ToVerifyRefineResultsLink" time="0.045"/>
  <testcase classname="hpe.SSDSelectorTool.SSDResultsPages" name="ToVerityResultsDisplay" time="0.039"/>
  <testcase classname="hpe.SSDSelectorTool.SSDResultsPages" name="ToVerifySearchIcon" time="0.107"/>
  <testcase classname="hpe.SSDSelectorTool.SSDResultsPages" name="ToVerifySeverTypeDisplayed" time="0.077">
    <failure type="java.lang.AssertionError" message="expected [] but found [HPE Apollo Systems                ]">
      <![CDATA[java.lang.AssertionError: expected [] but found [HPE Apollo Systems                ]
at SSDPageObjects.SSDResultPage.ResultServerType(SSDResultPage.java:438)
at hpe.SSDSelectorTool.SSDResultsPages.ToVerifySeverTypeDisplayed(SSDResultsPages.java:169)
at java.base/java.util.ArrayList.forEach(ArrayList.java:1511)
... Removed 32 stack frames]]>
    </failure>
  </testcase> <!-- ToVerifySeverTypeDisplayed -->
  <testcase classname="hpe.SSDSelectorTool.SSDResultsPages" name="ToVerifyReadPerformanceLabel" time="20.027">
    <failure type="org.openqa.selenium.NoSuchElementException" message="no such element: Unable to locate element: {&amp;quot;method&amp;quot;:&amp;quot;xpath&amp;quot;,&amp;quot;selector&amp;quot;:&amp;quot;//*[@id=&amp;quot;collapse1&amp;quot;]/div/div[4]/div/div[2]/div[2]/div/div[4]/div[1]/div[3]/div/div[1]&amp;quot;}
  (Session info: chrome=88.0.4324.104)
For documentation on this error, please visit: https://www.seleniumhq.org/exceptions/no_such_element.html
Build info: version: &amp;apos;3.141.59&amp;apos;, revision: &amp;apos;e82be7d358&amp;apos;, time: &amp;apos;2018-11-14T08:25:53&amp;apos;
System info: host: &amp;apos;DESKTOP-D27FDN2&amp;apos;, ip: &amp;apos;16.214.208.221&amp;apos;, os.name: &amp;apos;Windows 10&amp;apos;, os.arch: &amp;apos;amd64&amp;apos;, os.version: &amp;apos;10.0&amp;apos;, java.version: &amp;apos;14.0.2&amp;apos;
Driver info: org.openqa.selenium.chrome.ChromeDriver
Capabilities {acceptInsecureCerts: false, browserName: chrome, browserVersion: 88.0.4324.104, chrome: {chromedriverVersion: 88.0.4324.96 (68dba2d8a0b14..., userDataDir: C:\Users\user\AppData\Local...}, goog:chromeOptions: {debuggerAddress: localhost:60885}, javascriptEnabled: true, networkConnectionEnabled: false, pageLoadStrategy: normal, platform: WINDOWS, platformName: WINDOWS, proxy: Proxy(), setWindowRect: true, strictFileInteractability: false, timeouts: {implicit: 0, pageLoad: 300000, script: 30000}, unhandledPromptBehavior: dismiss and notify, webauthn:extension:largeBlob: true, webauthn:virtualAuthenticators: true}
Session ID: fa976167618717157b5c5cdaf2fae000
*** Element info: {Using=xpath, value=//*[@id=&amp;quot;collapse1&amp;quot;]/div/div[4]/div/div[2]/div[2]/div/div[4]/div[1]/div[3]/div/div[1]}">
      <![CDATA[org.openqa.selenium.NoSuchElementException: no such element: Unable to locate element: {"method":"xpath","selector":"//*[@id="collapse1"]/div/div[4]/div/div[2]/div[2]/div/div[4]/div[1]/div[3]/div/div[1]"}
  (Session info: chrome=88.0.4324.104)
For documentation on this error, please visit: https://www.seleniumhq.org/exceptions/no_such_element.html
Build info: version: '3.141.59', revision: 'e82be7d358', time: '2018-11-14T08:25:53'
System info: host: 'DESKTOP-D27FDN2', ip: '16.214.208.221', os.name: 'Windows 10', os.arch: 'amd64', os.version: '10.0', java.version: '14.0.2'
Driver info: org.openqa.selenium.chrome.ChromeDriver
Capabilities {acceptInsecureCerts: false, browserName: chrome, browserVersion: 88.0.4324.104, chrome: {chromedriverVersion: 88.0.4324.96 (68dba2d8a0b14..., userDataDir: C:\Users\user\AppData\Local...}, goog:chromeOptions: {debuggerAddress: localhost:60885}, javascriptEnabled: true, networkConnectionEnabled: false, pageLoadStrategy: normal, platform: WINDOWS, platformName: WINDOWS, proxy: Proxy(), setWindowRect: true, strictFileInteractability: false, timeouts: {implicit: 0, pageLoad: 300000, script: 30000}, unhandledPromptBehavior: dismiss and notify, webauthn:extension:largeBlob: true, webauthn:virtualAuthenticators: true}
Session ID: fa976167618717157b5c5cdaf2fae000
*** Element info: {Using=xpath, value=//*[@id="collapse1"]/div/div[4]/div/div[2]/div[2]/div/div[4]/div[1]/div[3]/div/div[1]}
at org.openqa.selenium.remote.http.W3CHttpResponseCodec.createException(W3CHttpResponseCodec.java:187)
at org.openqa.selenium.remote.http.W3CHttpResponseCodec.decode(W3CHttpResponseCodec.java:122)
at org.openqa.selenium.remote.http.W3CHttpResponseCodec.decode(W3CHttpResponseCodec.java:49)
at org.openqa.selenium.remote.HttpCommandExecutor.execute(HttpCommandExecutor.java:158)
at org.openqa.selenium.remote.service.DriverCommandExecutor.execute(DriverCommandExecutor.java:83)
at org.openqa.selenium.remote.RemoteWebDriver.execute(RemoteWebDriver.java:552)
at org.openqa.selenium.remote.RemoteWebDriver.findElement(RemoteWebDriver.java:323)
at org.openqa.selenium.remote.RemoteWebDriver.findElementByXPath(RemoteWebDriver.java:428)
at org.openqa.selenium.By$ByXPath.findElement(By.java:353)
at org.openqa.selenium.remote.RemoteWebDriver.findElement(RemoteWebDriver.java:315)
at org.openqa.selenium.support.events.EventFiringWebDriver.lambda$new$1(EventFiringWebDriver.java:105)
at com.sun.proxy.$Proxy14.findElement(Unknown Source)
at org.openqa.selenium.support.events.EventFiringWebDriver.findElement(EventFiringWebDriver.java:194)
at org.openqa.selenium.support.pagefactory.DefaultElementLocator.findElement(DefaultElementLocator.java:69)
at org.openqa.selenium.support.pagefactory.internal.LocatingElementHandler.invoke(LocatingElementHandler.java:38)
at com.sun.proxy.$Proxy18.getText(Unknown Source)
at SSDPageObjects.SSDResultPage.ResultReadPerformanceLabel(SSDResultPage.java:478)
at hpe.SSDSelectorTool.SSDResultsPages.ToVerifyReadPerformanceLabel(SSDResultsPages.java:200)
at java.base/java.util.ArrayList.forEach(ArrayList.java:1511)
... Removed 35 stack frames]]>
    </failure>
  </testcase> <!-- ToVerifyReadPerformanceLabel -->
  <testcase classname="hpe.SSDSelectorTool.SSDResultsPages" name="ToVerifySKUIDDisplayed" time="0.045"/>
  <testcase classname="hpe.SSDSelectorTool.SSDResultsPages" name="ToVerifySSDShowMore" time="0.122"/>
  <testcase classname="hpe.SSDSelectorTool.SSDResultsPages" name="ToVerifySSDShowLess" time="0.074"/>
  <testcase classname="hpe.SSDSelectorTool.SSDResultsPages" name="ToVerifySSDImage" time="0.038"/>
  <testcase classname="hpe.SSDSelectorTool.SSDResultsPages" name="ToVerifyServerCompactability" time="0.032"/>
  <testcase classname="hpe.SSDSelectorTool.SSDResultsPages" name="ToVerifySSDName" time="0.032"/>
  <testcase classname="hpe.SSDSelectorTool.SSDResultsPages" name="ToVerifySSDPortfolioLink" time="0.119"/>
</testsuite> <!-- Automation Test Suite for SSD Selector Tool -->
