<?xml version="1.0" encoding="UTF-8"?>
<!-- Generated by org.testng.reporters.JUnitXMLReporter -->
<testsuite ignored="0" hostname="DESKTOP-D27FDN2" failures="5" tests="29" name="Automation Test Suite for WRITE-INTENSIVE- Workload" time="227.636" errors="0" timestamp="2021-02-01T04:24:09 GMT-08:00">
  <testcase classname="hpe.SSDSelectorTool.SSDWriteSelect" name="ToVerifyWorkloadURL" time="0.009"/>
  <testcase classname="hpe.SSDSelectorTool.SSDWriteSelect" name="ToVerifyNextBtn" time="0.032"/>
  <testcase classname="hpe.SSDSelectorTool.SSDWriteSelect" name="ToVerifySelectWriteIntensive" time="3.33"/>
  <testcase classname="hpe.SSDSelectorTool.SSDWriteSelect" name="ToVerifySSDURL" time="0.01"/>
  <testcase classname="hpe.SSDSelectorTool.SSDWriteSelect" name="ToVerifyMixedUse" time="2.648"/>
  <testcase classname="hpe.SSDSelectorTool.SSDWriteSelect" name="ToVerifyServerTypeURL" time="0.013"/>
  <testcase classname="hpe.SSDSelectorTool.SSDWriteSelect" name="ToVerifySelectedWorkloadDisplays" time="0.541"/>
  <testcase classname="hpe.SSDSelectorTool.SSDWriteSelect" name="ToVerifySelectWriteServerType" time="1.013"/>
  <testcase classname="hpe.SSDSelectorTool.SSDWriteSelect" name="ToVerifySelectWriteServerModelType" time="3.389"/>
  <testcase classname="hpe.SSDSelectorTool.SSDWriteSelect" name="ToVerifyCapacityURL" time="0.018"/>
  <testcase classname="hpe.SSDSelectorTool.SSDWriteSelect" name="ToVerifyCapacity" time="0.112"/>
  <testcase classname="hpe.SSDSelectorTool.SSDWriteSelect" name="ToVerifyCapacityMinSlider" time="0.464"/>
  <testcase classname="hpe.SSDSelectorTool.SSDWriteSelect" name="ToVerifyNxtBtnDisabled" time="0.311"/>
  <testcase classname="hpe.SSDSelectorTool.SSDWriteSelect" name="ToVerifyCapacityMaxSlider" time="0.396"/>
  <testcase classname="hpe.SSDSelectorTool.SSDWriteSelect" name="ToVerifyNxtBtnEnabled" time="6.346"/>
  <testcase classname="hpe.SSDSelectorTool.SSDWriteSelect" name="ToVerifyInterfaceURL" time="0.012"/>
  <testcase classname="hpe.SSDSelectorTool.SSDWriteSelect" name="ToVerifyInterfaceSelected" time="12.037"/>
  <testcase classname="hpe.SSDSelectorTool.SSDWriteSelect" name="ToVerifyFormFactorURL" time="0.007"/>
  <testcase classname="hpe.SSDSelectorTool.SSDWriteSelect" name="ToVerifyFormFactoeSelected" time="5.15"/>
  <testcase classname="hpe.SSDSelectorTool.SSDWriteSelect" name="ToVerifyBestAvailURL" time="0.01"/>
  <testcase classname="hpe.SSDSelectorTool.SSDWriteSelect" name="ToVerifyMainstreamSelected" time="20.059">
    <failure type="org.openqa.selenium.TimeoutException" message="timeout: Timed out receiving message from renderer: 20.000
  (Session info: chrome=88.0.4324.104)
Build info: version: &amp;apos;3.141.59&amp;apos;, revision: &amp;apos;e82be7d358&amp;apos;, time: &amp;apos;2018-11-14T08:25:53&amp;apos;
System info: host: &amp;apos;DESKTOP-D27FDN2&amp;apos;, ip: &amp;apos;16.214.208.221&amp;apos;, os.name: &amp;apos;Windows 10&amp;apos;, os.arch: &amp;apos;amd64&amp;apos;, os.version: &amp;apos;10.0&amp;apos;, java.version: &amp;apos;14.0.2&amp;apos;
Driver info: org.openqa.selenium.chrome.ChromeDriver
Capabilities {acceptInsecureCerts: false, browserName: chrome, browserVersion: 88.0.4324.104, chrome: {chromedriverVersion: 88.0.4324.96 (68dba2d8a0b14..., userDataDir: C:\Users\user\AppData\Local...}, goog:chromeOptions: {debuggerAddress: localhost:61072}, javascriptEnabled: true, networkConnectionEnabled: false, pageLoadStrategy: normal, platform: WINDOWS, platformName: WINDOWS, proxy: Proxy(), setWindowRect: true, strictFileInteractability: false, timeouts: {implicit: 0, pageLoad: 300000, script: 30000}, unhandledPromptBehavior: dismiss and notify, webauthn:extension:largeBlob: true, webauthn:virtualAuthenticators: true}
Session ID: 9752a41afe0d4ce0d78e90110cdc2f9c">
      <![CDATA[org.openqa.selenium.TimeoutException: timeout: Timed out receiving message from renderer: 20.000
  (Session info: chrome=88.0.4324.104)
Build info: version: '3.141.59', revision: 'e82be7d358', time: '2018-11-14T08:25:53'
System info: host: 'DESKTOP-D27FDN2', ip: '16.214.208.221', os.name: 'Windows 10', os.arch: 'amd64', os.version: '10.0', java.version: '14.0.2'
Driver info: org.openqa.selenium.chrome.ChromeDriver
Capabilities {acceptInsecureCerts: false, browserName: chrome, browserVersion: 88.0.4324.104, chrome: {chromedriverVersion: 88.0.4324.96 (68dba2d8a0b14..., userDataDir: C:\Users\user\AppData\Local...}, goog:chromeOptions: {debuggerAddress: localhost:61072}, javascriptEnabled: true, networkConnectionEnabled: false, pageLoadStrategy: normal, platform: WINDOWS, platformName: WINDOWS, proxy: Proxy(), setWindowRect: true, strictFileInteractability: false, timeouts: {implicit: 0, pageLoad: 300000, script: 30000}, unhandledPromptBehavior: dismiss and notify, webauthn:extension:largeBlob: true, webauthn:virtualAuthenticators: true}
Session ID: 9752a41afe0d4ce0d78e90110cdc2f9c
at org.openqa.selenium.remote.http.W3CHttpResponseCodec.createException(W3CHttpResponseCodec.java:187)
at org.openqa.selenium.remote.http.W3CHttpResponseCodec.decode(W3CHttpResponseCodec.java:122)
at org.openqa.selenium.remote.http.W3CHttpResponseCodec.decode(W3CHttpResponseCodec.java:49)
at org.openqa.selenium.remote.HttpCommandExecutor.execute(HttpCommandExecutor.java:158)
at org.openqa.selenium.remote.service.DriverCommandExecutor.execute(DriverCommandExecutor.java:83)
at org.openqa.selenium.remote.RemoteWebDriver.execute(RemoteWebDriver.java:552)
at org.openqa.selenium.remote.RemoteWebElement.execute(RemoteWebElement.java:285)
at org.openqa.selenium.remote.RemoteWebElement.click(RemoteWebElement.java:84)
at org.openqa.selenium.support.events.EventFiringWebDriver$EventFiringWebElement.lambda$new$0(EventFiringWebDriver.java:404)
at com.sun.proxy.$Proxy19.click(Unknown Source)
at org.openqa.selenium.support.events.EventFiringWebDriver$EventFiringWebElement.click(EventFiringWebDriver.java:417)
at org.openqa.selenium.support.pagefactory.internal.LocatingElementHandler.invoke(LocatingElementHandler.java:51)
at com.sun.proxy.$Proxy18.click(Unknown Source)
at SSDPageObjects.SSDBestAvailability.BestAvailNxtBtn(SSDBestAvailability.java:108)
at hpe.SSDSelectorTool.SSDWriteSelect.ToVerifyMainstreamSelected(SSDWriteSelect.java:305)
at java.base/java.util.ArrayList.forEach(ArrayList.java:1511)
... Removed 38 stack frames]]>
    </failure>
  </testcase> <!-- ToVerifyMainstreamSelected -->
  <testcase classname="hpe.SSDSelectorTool.SSDWriteSelect" name="ToVerifyMixedResultPageURL" time="0.009"/>
  <testcase classname="hpe.SSDSelectorTool.SSDWriteSelect" name="ToVerifyMixedResultsDisplays" time="0.12">
    <failure type="java.lang.AssertionError" message="expected [ -  SSDs meet your requirements] but found [4 -  SSDs meet your requirements]">
      <![CDATA[java.lang.AssertionError: expected [ -  SSDs meet your requirements] but found [4 -  SSDs meet your requirements]
at hpe.SSDSelectorTool.SSDWriteSelect.ToVerifyMixedResultsDisplays(SSDWriteSelect.java:327)
at java.base/java.util.ArrayList.forEach(ArrayList.java:1511)
... Removed 32 stack frames]]>
    </failure>
  </testcase> <!-- ToVerifyMixedResultsDisplays -->
  <testcase classname="hpe.SSDSelectorTool.SSDWriteSelect" name="ToVerifyRefineYourResults" time="0.519"/>
  <testcase classname="hpe.SSDSelectorTool.SSDWriteSelect" name="ToVerifyPortfolioLink" time="0.095"/>
  <testcase classname="hpe.SSDSelectorTool.SSDWriteSelect" name="ToVerifyResultSelectServerType" time="1.214">
    <failure type="java.lang.AssertionError" message="Server Type is selected expected [true] but found [false]">
      <![CDATA[java.lang.AssertionError: Server Type is selected expected [true] but found [false]
at hpe.SSDSelectorTool.SSDWriteSelect.ToVerifyResultSelectServerType(SSDWriteSelect.java:389)
at java.base/java.util.ArrayList.forEach(ArrayList.java:1511)
... Removed 30 stack frames]]>
    </failure>
  </testcase> <!-- ToVerifyResultSelectServerType -->
  <testcase classname="hpe.SSDSelectorTool.SSDWriteSelect" name="ToVerifyResultSelectServerModelType" time="30.089">
    <failure type="org.openqa.selenium.ElementNotInteractableException" message="element not interactable
  (Session info: chrome=88.0.4324.104)
Build info: version: &amp;apos;3.141.59&amp;apos;, revision: &amp;apos;e82be7d358&amp;apos;, time: &amp;apos;2018-11-14T08:25:53&amp;apos;
System info: host: &amp;apos;DESKTOP-D27FDN2&amp;apos;, ip: &amp;apos;16.214.208.221&amp;apos;, os.name: &amp;apos;Windows 10&amp;apos;, os.arch: &amp;apos;amd64&amp;apos;, os.version: &amp;apos;10.0&amp;apos;, java.version: &amp;apos;14.0.2&amp;apos;
Driver info: org.openqa.selenium.chrome.ChromeDriver
Capabilities {acceptInsecureCerts: false, browserName: chrome, browserVersion: 88.0.4324.104, chrome: {chromedriverVersion: 88.0.4324.96 (68dba2d8a0b14..., userDataDir: C:\Users\user\AppData\Local...}, goog:chromeOptions: {debuggerAddress: localhost:61072}, javascriptEnabled: true, networkConnectionEnabled: false, pageLoadStrategy: normal, platform: WINDOWS, platformName: WINDOWS, proxy: Proxy(), setWindowRect: true, strictFileInteractability: false, timeouts: {implicit: 0, pageLoad: 300000, script: 30000}, unhandledPromptBehavior: dismiss and notify, webauthn:extension:largeBlob: true, webauthn:virtualAuthenticators: true}
Session ID: 9752a41afe0d4ce0d78e90110cdc2f9c">
      <![CDATA[org.openqa.selenium.ElementNotInteractableException: element not interactable
  (Session info: chrome=88.0.4324.104)
Build info: version: '3.141.59', revision: 'e82be7d358', time: '2018-11-14T08:25:53'
System info: host: 'DESKTOP-D27FDN2', ip: '16.214.208.221', os.name: 'Windows 10', os.arch: 'amd64', os.version: '10.0', java.version: '14.0.2'
Driver info: org.openqa.selenium.chrome.ChromeDriver
Capabilities {acceptInsecureCerts: false, browserName: chrome, browserVersion: 88.0.4324.104, chrome: {chromedriverVersion: 88.0.4324.96 (68dba2d8a0b14..., userDataDir: C:\Users\user\AppData\Local...}, goog:chromeOptions: {debuggerAddress: localhost:61072}, javascriptEnabled: true, networkConnectionEnabled: false, pageLoadStrategy: normal, platform: WINDOWS, platformName: WINDOWS, proxy: Proxy(), setWindowRect: true, strictFileInteractability: false, timeouts: {implicit: 0, pageLoad: 300000, script: 30000}, unhandledPromptBehavior: dismiss and notify, webauthn:extension:largeBlob: true, webauthn:virtualAuthenticators: true}
Session ID: 9752a41afe0d4ce0d78e90110cdc2f9c
at org.openqa.selenium.remote.http.W3CHttpResponseCodec.createException(W3CHttpResponseCodec.java:187)
at org.openqa.selenium.remote.http.W3CHttpResponseCodec.decode(W3CHttpResponseCodec.java:122)
at org.openqa.selenium.remote.http.W3CHttpResponseCodec.decode(W3CHttpResponseCodec.java:49)
at org.openqa.selenium.remote.HttpCommandExecutor.execute(HttpCommandExecutor.java:158)
at org.openqa.selenium.remote.service.DriverCommandExecutor.execute(DriverCommandExecutor.java:83)
at org.openqa.selenium.remote.RemoteWebDriver.execute(RemoteWebDriver.java:552)
at org.openqa.selenium.remote.RemoteWebElement.execute(RemoteWebElement.java:285)
at org.openqa.selenium.remote.RemoteWebElement.click(RemoteWebElement.java:84)
at org.openqa.selenium.support.events.EventFiringWebDriver$EventFiringWebElement.lambda$new$0(EventFiringWebDriver.java:404)
at com.sun.proxy.$Proxy19.click(Unknown Source)
at org.openqa.selenium.support.events.EventFiringWebDriver$EventFiringWebElement.click(EventFiringWebDriver.java:417)
at org.openqa.selenium.support.pagefactory.internal.LocatingElementHandler.invoke(LocatingElementHandler.java:51)
at com.sun.proxy.$Proxy18.click(Unknown Source)
at SSDPageObjects.SSDServermodelPage.ResultServerServerModelType(SSDServermodelPage.java:356)
at hpe.SSDSelectorTool.SSDWriteSelect.ToVerifyResultSelectServerModelType(SSDWriteSelect.java:395)
at java.base/java.util.ArrayList.forEach(ArrayList.java:1511)
... Removed 38 stack frames]]>
    </failure>
  </testcase> <!-- ToVerifyResultSelectServerModelType -->
  <testcase classname="hpe.SSDSelectorTool.SSDWriteSelect" name="ToVerifyResultSelectedServerModelType" time="0.054"/>
  <testcase classname="hpe.SSDSelectorTool.SSDWriteSelect" name="ToVerifyWriteNonMainstreamResults" time="31.135">
    <failure type="org.openqa.selenium.NoSuchElementException" message="no such element: Unable to locate element: {&amp;quot;method&amp;quot;:&amp;quot;xpath&amp;quot;,&amp;quot;selector&amp;quot;:&amp;quot;/html/body/div[3]/div[2]/div/div/div/div/div/div/div/div[4]/button&amp;quot;}
  (Session info: chrome=88.0.4324.104)
For documentation on this error, please visit: https://www.seleniumhq.org/exceptions/no_such_element.html
Build info: version: &amp;apos;3.141.59&amp;apos;, revision: &amp;apos;e82be7d358&amp;apos;, time: &amp;apos;2018-11-14T08:25:53&amp;apos;
System info: host: &amp;apos;DESKTOP-D27FDN2&amp;apos;, ip: &amp;apos;16.214.208.221&amp;apos;, os.name: &amp;apos;Windows 10&amp;apos;, os.arch: &amp;apos;amd64&amp;apos;, os.version: &amp;apos;10.0&amp;apos;, java.version: &amp;apos;14.0.2&amp;apos;
Driver info: org.openqa.selenium.chrome.ChromeDriver
Capabilities {acceptInsecureCerts: false, browserName: chrome, browserVersion: 88.0.4324.104, chrome: {chromedriverVersion: 88.0.4324.96 (68dba2d8a0b14..., userDataDir: C:\Users\user\AppData\Local...}, goog:chromeOptions: {debuggerAddress: localhost:61072}, javascriptEnabled: true, networkConnectionEnabled: false, pageLoadStrategy: normal, platform: WINDOWS, platformName: WINDOWS, proxy: Proxy(), setWindowRect: true, strictFileInteractability: false, timeouts: {implicit: 0, pageLoad: 300000, script: 30000}, unhandledPromptBehavior: dismiss and notify, webauthn:extension:largeBlob: true, webauthn:virtualAuthenticators: true}
Session ID: 9752a41afe0d4ce0d78e90110cdc2f9c
*** Element info: {Using=xpath, value=/html/body/div[3]/div[2]/div/div/div/div/div/div/div/div[4]/button}">
      <![CDATA[org.openqa.selenium.NoSuchElementException: no such element: Unable to locate element: {"method":"xpath","selector":"/html/body/div[3]/div[2]/div/div/div/div/div/div/div/div[4]/button"}
  (Session info: chrome=88.0.4324.104)
For documentation on this error, please visit: https://www.seleniumhq.org/exceptions/no_such_element.html
Build info: version: '3.141.59', revision: 'e82be7d358', time: '2018-11-14T08:25:53'
System info: host: 'DESKTOP-D27FDN2', ip: '16.214.208.221', os.name: 'Windows 10', os.arch: 'amd64', os.version: '10.0', java.version: '14.0.2'
Driver info: org.openqa.selenium.chrome.ChromeDriver
Capabilities {acceptInsecureCerts: false, browserName: chrome, browserVersion: 88.0.4324.104, chrome: {chromedriverVersion: 88.0.4324.96 (68dba2d8a0b14..., userDataDir: C:\Users\user\AppData\Local...}, goog:chromeOptions: {debuggerAddress: localhost:61072}, javascriptEnabled: true, networkConnectionEnabled: false, pageLoadStrategy: normal, platform: WINDOWS, platformName: WINDOWS, proxy: Proxy(), setWindowRect: true, strictFileInteractability: false, timeouts: {implicit: 0, pageLoad: 300000, script: 30000}, unhandledPromptBehavior: dismiss and notify, webauthn:extension:largeBlob: true, webauthn:virtualAuthenticators: true}
Session ID: 9752a41afe0d4ce0d78e90110cdc2f9c
*** Element info: {Using=xpath, value=/html/body/div[3]/div[2]/div/div/div/div/div/div/div/div[4]/button}
at org.openqa.selenium.remote.http.W3CHttpResponseCodec.createException(W3CHttpResponseCodec.java:187)
at org.openqa.selenium.remote.http.W3CHttpResponseCodec.decode(W3CHttpResponseCodec.java:122)
at org.openqa.selenium.remote.http.W3CHttpResponseCodec.decode(W3CHttpResponseCodec.java:49)
at org.openqa.selenium.remote.HttpCommandExecutor.execute(HttpCommandExecutor.java:158)
at org.openqa.selenium.remote.service.DriverCommandExecutor.execute(DriverCommandExecutor.java:83)
at org.openqa.selenium.remote.RemoteWebDriver.execute(RemoteWebDriver.java:552)
at org.openqa.selenium.remote.RemoteWebDriver.findElement(RemoteWebDriver.java:323)
at org.openqa.selenium.remote.RemoteWebDriver.findElementByXPath(RemoteWebDriver.java:428)
at org.openqa.selenium.By$ByXPath.findElement(By.java:353)
at org.openqa.selenium.remote.RemoteWebDriver.findElement(RemoteWebDriver.java:315)
at org.openqa.selenium.support.events.EventFiringWebDriver.lambda$new$1(EventFiringWebDriver.java:105)
at com.sun.proxy.$Proxy14.findElement(Unknown Source)
at org.openqa.selenium.support.events.EventFiringWebDriver.findElement(EventFiringWebDriver.java:194)
at org.openqa.selenium.support.pagefactory.DefaultElementLocator.findElement(DefaultElementLocator.java:69)
at org.openqa.selenium.support.pagefactory.internal.LocatingElementHandler.invoke(LocatingElementHandler.java:38)
at com.sun.proxy.$Proxy18.click(Unknown Source)
at SSDPageObjects.SSDResultPage.ResultPageMainstream(SSDResultPage.java:711)
at hpe.SSDSelectorTool.SSDWriteSelect.ToVerifyWriteNonMainstreamResults(SSDWriteSelect.java:407)
at java.base/java.util.ArrayList.forEach(ArrayList.java:1511)
... Removed 35 stack frames]]>
    </failure>
  </testcase> <!-- ToVerifyWriteNonMainstreamResults -->
</testsuite> <!-- Automation Test Suite for WRITE-INTENSIVE- Workload -->
