<?xml version="1.0" encoding="UTF-8"?>
<!-- Generated by org.testng.reporters.JUnitXMLReporter -->
<testsuite ignored="0" hostname="DESKTOP-D27FDN2" failures="5" tests="25" name="Automation Test Suite for MIXED-USE- Workload" time="161.815" errors="0" timestamp="2021-02-01T04:20:21 GMT-08:00">
  <testcase classname="hpe.SSDSelectorTool.SSDMixedSelect" name="LetStart" time="90.526"/>
  <testcase classname="hpe.SSDSelectorTool.SSDMixedSelect" name="ToVerifyWorkloadURL" time="0.012"/>
  <testcase classname="hpe.SSDSelectorTool.SSDMixedSelect" name="ToVerifyNextBtn" time="0.035"/>
  <testcase classname="hpe.SSDSelectorTool.SSDMixedSelect" name="ToVerifySelectMixedUse" time="5.997"/>
  <testcase classname="hpe.SSDSelectorTool.SSDMixedSelect" name="ToVerifySSDURL" time="0.012"/>
  <testcase classname="hpe.SSDSelectorTool.SSDMixedSelect" name="ToVerifyMixedUse" time="6.153"/>
  <testcase classname="hpe.SSDSelectorTool.SSDMixedSelect" name="ToVerifyServerTypeURL" time="0.015"/>
  <testcase classname="hpe.SSDSelectorTool.SSDMixedSelect" name="ToVerifySelectedWorkloadDisplays" time="0.31"/>
  <testcase classname="hpe.SSDSelectorTool.SSDMixedSelect" name="ToVerifySelectMixedServerType" time="0.881"/>
  <testcase classname="hpe.SSDSelectorTool.SSDMixedSelect" name="ToVerifySelectMixedServerModelType" time="4.119"/>
  <testcase classname="hpe.SSDSelectorTool.SSDMixedSelect" name="ToVerifyCapacityURL" time="0.008"/>
  <testcase classname="hpe.SSDSelectorTool.SSDMixedSelect" name="ToVerifyCapacity" time="0.117"/>
  <testcase classname="hpe.SSDSelectorTool.SSDMixedSelect" name="ToVerifyCapacityMinSlider" time="0.417"/>
  <testcase classname="hpe.SSDSelectorTool.SSDMixedSelect" name="ToVerifyNxtBtnDisabled" time="0.305"/>
  <testcase classname="hpe.SSDSelectorTool.SSDMixedSelect" name="ToVerifyCapacityMaxSlider" time="0.394"/>
  <testcase classname="hpe.SSDSelectorTool.SSDMixedSelect" name="ToVerifyNxtBtnEnabled" time="4.99"/>
  <testcase classname="hpe.SSDSelectorTool.SSDMixedSelect" name="ToVerifyInterfaceURL" time="0.008"/>
  <testcase classname="hpe.SSDSelectorTool.SSDMixedSelect" name="ToVerifyInterfaceSelected" time="4.848"/>
  <testcase classname="hpe.SSDSelectorTool.SSDMixedSelect" name="ToVerifyFormFactorURL" time="0.014"/>
  <testcase classname="hpe.SSDSelectorTool.SSDMixedSelect" name="ToVerifyFormFactorSelected" time="0.611">
    <failure type="java.lang.AssertionError" message=" 3.5 LFF Image is displayed expected [true] but found [false]">
      <![CDATA[java.lang.AssertionError:  3.5 LFF Image is displayed expected [true] but found [false]
at hpe.SSDSelectorTool.SSDMixedSelect.ToVerifyFormFactorSelected(SSDMixedSelect.java:268)
at java.base/java.util.ArrayList.forEach(ArrayList.java:1511)
... Removed 30 stack frames]]>
    </failure>
  </testcase> <!-- ToVerifyFormFactorSelected -->
  <testcase classname="hpe.SSDSelectorTool.SSDMixedSelect" name="ToVerifyBestAvailURL" time="0.006">
    <failure type="java.lang.AssertionError" message="expected [https://uat-app-hpessd.azurewebsites.net/form-factor] but found [https://uat-app-hpessd.azurewebsites.net/mainstream]">
      <![CDATA[java.lang.AssertionError: expected [https://uat-app-hpessd.azurewebsites.net/form-factor] but found [https://uat-app-hpessd.azurewebsites.net/mainstream]
at hpe.SSDSelectorTool.SSDMixedSelect.ToVerifyBestAvailURL(SSDMixedSelect.java:292)
at java.base/java.util.ArrayList.forEach(ArrayList.java:1511)
... Removed 32 stack frames]]>
    </failure>
  </testcase> <!-- ToVerifyBestAvailURL -->
  <testcase classname="hpe.SSDSelectorTool.SSDMixedSelect" name="ToVerifyMainstreamSelected" time="0.051"/>
  <testcase classname="hpe.SSDSelectorTool.SSDMixedSelect" name="ToVerifyMixedResultPageURL" time="0.009">
    <failure type="java.lang.AssertionError" message="expected [https://uat-app-hpessd.azurewebsites.net/form-factor] but found [https://uat-app-hpessd.azurewebsites.net/recommendation]">
      <![CDATA[java.lang.AssertionError: expected [https://uat-app-hpessd.azurewebsites.net/form-factor] but found [https://uat-app-hpessd.azurewebsites.net/recommendation]
at hpe.SSDSelectorTool.SSDMixedSelect.ToVerifyMixedResultPageURL(SSDMixedSelect.java:307)
at java.base/java.util.ArrayList.forEach(ArrayList.java:1511)
... Removed 32 stack frames]]>
    </failure>
  </testcase> <!-- ToVerifyMixedResultPageURL -->
  <testcase classname="hpe.SSDSelectorTool.SSDMixedSelect" name="ToVerifyRefineYourResults" time="20.032">
    <failure type="org.openqa.selenium.NoSuchElementException" message="no such element: Unable to locate element: {&amp;quot;method&amp;quot;:&amp;quot;xpath&amp;quot;,&amp;quot;selector&amp;quot;:&amp;quot;//*[@id=&amp;quot;panel-ggroup1&amp;quot;]/div/div[1]/h4/a&amp;quot;}
  (Session info: chrome=88.0.4324.104)
For documentation on this error, please visit: https://www.seleniumhq.org/exceptions/no_such_element.html
Build info: version: &amp;apos;3.141.59&amp;apos;, revision: &amp;apos;e82be7d358&amp;apos;, time: &amp;apos;2018-11-14T08:25:53&amp;apos;
System info: host: &amp;apos;DESKTOP-D27FDN2&amp;apos;, ip: &amp;apos;16.214.208.221&amp;apos;, os.name: &amp;apos;Windows 10&amp;apos;, os.arch: &amp;apos;amd64&amp;apos;, os.version: &amp;apos;10.0&amp;apos;, java.version: &amp;apos;14.0.2&amp;apos;
Driver info: org.openqa.selenium.chrome.ChromeDriver
Capabilities {acceptInsecureCerts: false, browserName: chrome, browserVersion: 88.0.4324.104, chrome: {chromedriverVersion: 88.0.4324.96 (68dba2d8a0b14..., userDataDir: C:\Users\user\AppData\Local...}, goog:chromeOptions: {debuggerAddress: localhost:60998}, javascriptEnabled: true, networkConnectionEnabled: false, pageLoadStrategy: normal, platform: WINDOWS, platformName: WINDOWS, proxy: Proxy(), setWindowRect: true, strictFileInteractability: false, timeouts: {implicit: 0, pageLoad: 300000, script: 30000}, unhandledPromptBehavior: dismiss and notify, webauthn:extension:largeBlob: true, webauthn:virtualAuthenticators: true}
Session ID: d1c4cda8a5f28102460afaa1a62f6d15
*** Element info: {Using=xpath, value=//*[@id=&amp;quot;panel-ggroup1&amp;quot;]/div/div[1]/h4/a}">
      <![CDATA[org.openqa.selenium.NoSuchElementException: no such element: Unable to locate element: {"method":"xpath","selector":"//*[@id="panel-ggroup1"]/div/div[1]/h4/a"}
  (Session info: chrome=88.0.4324.104)
For documentation on this error, please visit: https://www.seleniumhq.org/exceptions/no_such_element.html
Build info: version: '3.141.59', revision: 'e82be7d358', time: '2018-11-14T08:25:53'
System info: host: 'DESKTOP-D27FDN2', ip: '16.214.208.221', os.name: 'Windows 10', os.arch: 'amd64', os.version: '10.0', java.version: '14.0.2'
Driver info: org.openqa.selenium.chrome.ChromeDriver
Capabilities {acceptInsecureCerts: false, browserName: chrome, browserVersion: 88.0.4324.104, chrome: {chromedriverVersion: 88.0.4324.96 (68dba2d8a0b14..., userDataDir: C:\Users\user\AppData\Local...}, goog:chromeOptions: {debuggerAddress: localhost:60998}, javascriptEnabled: true, networkConnectionEnabled: false, pageLoadStrategy: normal, platform: WINDOWS, platformName: WINDOWS, proxy: Proxy(), setWindowRect: true, strictFileInteractability: false, timeouts: {implicit: 0, pageLoad: 300000, script: 30000}, unhandledPromptBehavior: dismiss and notify, webauthn:extension:largeBlob: true, webauthn:virtualAuthenticators: true}
Session ID: d1c4cda8a5f28102460afaa1a62f6d15
*** Element info: {Using=xpath, value=//*[@id="panel-ggroup1"]/div/div[1]/h4/a}
at org.openqa.selenium.remote.http.W3CHttpResponseCodec.createException(W3CHttpResponseCodec.java:187)
at org.openqa.selenium.remote.http.W3CHttpResponseCodec.decode(W3CHttpResponseCodec.java:122)
at org.openqa.selenium.remote.http.W3CHttpResponseCodec.decode(W3CHttpResponseCodec.java:49)
at org.openqa.selenium.remote.HttpCommandExecutor.execute(HttpCommandExecutor.java:158)
at org.openqa.selenium.remote.service.DriverCommandExecutor.execute(DriverCommandExecutor.java:83)
at org.openqa.selenium.remote.RemoteWebDriver.execute(RemoteWebDriver.java:552)
at org.openqa.selenium.remote.RemoteWebDriver.findElement(RemoteWebDriver.java:323)
at org.openqa.selenium.remote.RemoteWebDriver.findElementByXPath(RemoteWebDriver.java:428)
at org.openqa.selenium.By$ByXPath.findElement(By.java:353)
at org.openqa.selenium.remote.RemoteWebDriver.findElement(RemoteWebDriver.java:315)
at org.openqa.selenium.support.events.EventFiringWebDriver.lambda$new$1(EventFiringWebDriver.java:105)
at com.sun.proxy.$Proxy14.findElement(Unknown Source)
at org.openqa.selenium.support.events.EventFiringWebDriver.findElement(EventFiringWebDriver.java:194)
at org.openqa.selenium.support.pagefactory.DefaultElementLocator.findElement(DefaultElementLocator.java:69)
at org.openqa.selenium.support.pagefactory.internal.LocatingElementHandler.invoke(LocatingElementHandler.java:38)
at com.sun.proxy.$Proxy18.getWrappedElement(Unknown Source)
at org.openqa.selenium.remote.internal.WebElementToJsonConverter.apply(WebElementToJsonConverter.java:50)
at java.base/java.util.stream.ReferencePipeline$3$1.accept(ReferencePipeline.java:195)
at java.base/java.util.Spliterators$ArraySpliterator.forEachRemaining(Spliterators.java:948)
at java.base/java.util.stream.AbstractPipeline.copyInto(AbstractPipeline.java:484)
at java.base/java.util.stream.AbstractPipeline.wrapAndCopyInto(AbstractPipeline.java:474)
at java.base/java.util.stream.ReduceOps$ReduceOp.evaluateSequential(ReduceOps.java:913)
at java.base/java.util.stream.AbstractPipeline.evaluate(AbstractPipeline.java:234)
at java.base/java.util.stream.ReferencePipeline.collect(ReferencePipeline.java:578)
at org.openqa.selenium.remote.RemoteWebDriver.executeScript(RemoteWebDriver.java:484)
at org.openqa.selenium.support.events.EventFiringWebDriver.lambda$new$1(EventFiringWebDriver.java:105)
at com.sun.proxy.$Proxy14.executeScript(Unknown Source)
at org.openqa.selenium.support.events.EventFiringWebDriver.executeScript(EventFiringWebDriver.java:229)
at SSDPageObjects.SSDResultPage.ClickRefineYourResults(SSDResultPage.java:327)
at hpe.SSDSelectorTool.SSDMixedSelect.ToVerifyRefineYourResults(SSDMixedSelect.java:331)
at java.base/java.util.ArrayList.forEach(ArrayList.java:1511)
... Removed 38 stack frames]]>
    </failure>
  </testcase> <!-- ToVerifyRefineYourResults -->
  <testcase classname="hpe.SSDSelectorTool.SSDMixedSelect" name="ToVerifyMixedNonMainstreamResults" time="20.025">
    <failure type="org.openqa.selenium.NoSuchElementException" message="no such element: Unable to locate element: {&amp;quot;method&amp;quot;:&amp;quot;xpath&amp;quot;,&amp;quot;selector&amp;quot;:&amp;quot;//*[@id=&amp;quot;panel-ggroup3&amp;quot;]/div/div[1]/h4/a&amp;quot;}
  (Session info: chrome=88.0.4324.104)
For documentation on this error, please visit: https://www.seleniumhq.org/exceptions/no_such_element.html
Build info: version: &amp;apos;3.141.59&amp;apos;, revision: &amp;apos;e82be7d358&amp;apos;, time: &amp;apos;2018-11-14T08:25:53&amp;apos;
System info: host: &amp;apos;DESKTOP-D27FDN2&amp;apos;, ip: &amp;apos;16.214.208.221&amp;apos;, os.name: &amp;apos;Windows 10&amp;apos;, os.arch: &amp;apos;amd64&amp;apos;, os.version: &amp;apos;10.0&amp;apos;, java.version: &amp;apos;14.0.2&amp;apos;
Driver info: org.openqa.selenium.chrome.ChromeDriver
Capabilities {acceptInsecureCerts: false, browserName: chrome, browserVersion: 88.0.4324.104, chrome: {chromedriverVersion: 88.0.4324.96 (68dba2d8a0b14..., userDataDir: C:\Users\user\AppData\Local...}, goog:chromeOptions: {debuggerAddress: localhost:60998}, javascriptEnabled: true, networkConnectionEnabled: false, pageLoadStrategy: normal, platform: WINDOWS, platformName: WINDOWS, proxy: Proxy(), setWindowRect: true, strictFileInteractability: false, timeouts: {implicit: 0, pageLoad: 300000, script: 30000}, unhandledPromptBehavior: dismiss and notify, webauthn:extension:largeBlob: true, webauthn:virtualAuthenticators: true}
Session ID: d1c4cda8a5f28102460afaa1a62f6d15
*** Element info: {Using=xpath, value=//*[@id=&amp;quot;panel-ggroup3&amp;quot;]/div/div[1]/h4/a}">
      <![CDATA[org.openqa.selenium.NoSuchElementException: no such element: Unable to locate element: {"method":"xpath","selector":"//*[@id="panel-ggroup3"]/div/div[1]/h4/a"}
  (Session info: chrome=88.0.4324.104)
For documentation on this error, please visit: https://www.seleniumhq.org/exceptions/no_such_element.html
Build info: version: '3.141.59', revision: 'e82be7d358', time: '2018-11-14T08:25:53'
System info: host: 'DESKTOP-D27FDN2', ip: '16.214.208.221', os.name: 'Windows 10', os.arch: 'amd64', os.version: '10.0', java.version: '14.0.2'
Driver info: org.openqa.selenium.chrome.ChromeDriver
Capabilities {acceptInsecureCerts: false, browserName: chrome, browserVersion: 88.0.4324.104, chrome: {chromedriverVersion: 88.0.4324.96 (68dba2d8a0b14..., userDataDir: C:\Users\user\AppData\Local...}, goog:chromeOptions: {debuggerAddress: localhost:60998}, javascriptEnabled: true, networkConnectionEnabled: false, pageLoadStrategy: normal, platform: WINDOWS, platformName: WINDOWS, proxy: Proxy(), setWindowRect: true, strictFileInteractability: false, timeouts: {implicit: 0, pageLoad: 300000, script: 30000}, unhandledPromptBehavior: dismiss and notify, webauthn:extension:largeBlob: true, webauthn:virtualAuthenticators: true}
Session ID: d1c4cda8a5f28102460afaa1a62f6d15
*** Element info: {Using=xpath, value=//*[@id="panel-ggroup3"]/div/div[1]/h4/a}
at org.openqa.selenium.remote.http.W3CHttpResponseCodec.createException(W3CHttpResponseCodec.java:187)
at org.openqa.selenium.remote.http.W3CHttpResponseCodec.decode(W3CHttpResponseCodec.java:122)
at org.openqa.selenium.remote.http.W3CHttpResponseCodec.decode(W3CHttpResponseCodec.java:49)
at org.openqa.selenium.remote.HttpCommandExecutor.execute(HttpCommandExecutor.java:158)
at org.openqa.selenium.remote.service.DriverCommandExecutor.execute(DriverCommandExecutor.java:83)
at org.openqa.selenium.remote.RemoteWebDriver.execute(RemoteWebDriver.java:552)
at org.openqa.selenium.remote.RemoteWebDriver.findElement(RemoteWebDriver.java:323)
at org.openqa.selenium.remote.RemoteWebDriver.findElementByXPath(RemoteWebDriver.java:428)
at org.openqa.selenium.By$ByXPath.findElement(By.java:353)
at org.openqa.selenium.remote.RemoteWebDriver.findElement(RemoteWebDriver.java:315)
at org.openqa.selenium.support.events.EventFiringWebDriver.lambda$new$1(EventFiringWebDriver.java:105)
at com.sun.proxy.$Proxy14.findElement(Unknown Source)
at org.openqa.selenium.support.events.EventFiringWebDriver.findElement(EventFiringWebDriver.java:194)
at org.openqa.selenium.support.pagefactory.DefaultElementLocator.findElement(DefaultElementLocator.java:69)
at org.openqa.selenium.support.pagefactory.internal.LocatingElementHandler.invoke(LocatingElementHandler.java:38)
at com.sun.proxy.$Proxy18.getWrappedElement(Unknown Source)
at org.openqa.selenium.remote.internal.WebElementToJsonConverter.apply(WebElementToJsonConverter.java:50)
at java.base/java.util.stream.ReferencePipeline$3$1.accept(ReferencePipeline.java:195)
at java.base/java.util.Spliterators$ArraySpliterator.forEachRemaining(Spliterators.java:948)
at java.base/java.util.stream.AbstractPipeline.copyInto(AbstractPipeline.java:484)
at java.base/java.util.stream.AbstractPipeline.wrapAndCopyInto(AbstractPipeline.java:474)
at java.base/java.util.stream.ReduceOps$ReduceOp.evaluateSequential(ReduceOps.java:913)
at java.base/java.util.stream.AbstractPipeline.evaluate(AbstractPipeline.java:234)
at java.base/java.util.stream.ReferencePipeline.collect(ReferencePipeline.java:578)
at org.openqa.selenium.remote.RemoteWebDriver.executeScript(RemoteWebDriver.java:484)
at org.openqa.selenium.support.events.EventFiringWebDriver.lambda$new$1(EventFiringWebDriver.java:105)
at com.sun.proxy.$Proxy14.executeScript(Unknown Source)
at org.openqa.selenium.support.events.EventFiringWebDriver.executeScript(EventFiringWebDriver.java:229)
at hpe.SSDSelectorTool.SSDMixedSelect.ToVerifyMixedNonMainstreamResults(SSDMixedSelect.java:363)
at java.base/java.util.ArrayList.forEach(ArrayList.java:1511)
... Removed 38 stack frames]]>
    </failure>
  </testcase> <!-- ToVerifyMixedNonMainstreamResults -->
</testsuite> <!-- Automation Test Suite for MIXED-USE- Workload -->
