<?xml version="1.0" encoding="UTF-8"?>
<!-- Generated by org.testng.reporters.JUnitXMLReporter -->
<testsuite ignored="0" hostname="DESKTOP-D27FDN2" failures="0" tests="21" name="Automation Test for I Know What I Need" time="352.962" errors="0" timestamp="2021-02-01T04:32:58 GMT-08:00">
  <testcase classname="hpe.SSDSelectorTool.SSDIKnowPageTest" name="@BeforeTest IKnowWhatINeed" time="352.868">
    <failure type="org.openqa.selenium.TimeoutException" message="timeout: Timed out receiving message from renderer: 300.000
  (Session info: chrome=88.0.4324.104)
Build info: version: &amp;apos;3.141.59&amp;apos;, revision: &amp;apos;e82be7d358&amp;apos;, time: &amp;apos;2018-11-14T08:25:53&amp;apos;
System info: host: &amp;apos;DESKTOP-D27FDN2&amp;apos;, ip: &amp;apos;16.214.208.221&amp;apos;, os.name: &amp;apos;Windows 10&amp;apos;, os.arch: &amp;apos;amd64&amp;apos;, os.version: &amp;apos;10.0&amp;apos;, java.version: &amp;apos;14.0.2&amp;apos;
Driver info: org.openqa.selenium.chrome.ChromeDriver
Capabilities {acceptInsecureCerts: false, browserName: chrome, browserVersion: 88.0.4324.104, chrome: {chromedriverVersion: 88.0.4324.96 (68dba2d8a0b14..., userDataDir: C:\Users\user\AppData\Local...}, goog:chromeOptions: {debuggerAddress: localhost:61233}, javascriptEnabled: true, networkConnectionEnabled: false, pageLoadStrategy: normal, platform: WINDOWS, platformName: WINDOWS, proxy: Proxy(), setWindowRect: true, strictFileInteractability: false, timeouts: {implicit: 0, pageLoad: 300000, script: 30000}, unhandledPromptBehavior: dismiss and notify, webauthn:extension:largeBlob: true, webauthn:virtualAuthenticators: true}
Session ID: c1a7bfd079ecd1f08afff076786e6811">
      <![CDATA[org.openqa.selenium.TimeoutException: timeout: Timed out receiving message from renderer: 300.000
  (Session info: chrome=88.0.4324.104)
Build info: version: '3.141.59', revision: 'e82be7d358', time: '2018-11-14T08:25:53'
System info: host: 'DESKTOP-D27FDN2', ip: '16.214.208.221', os.name: 'Windows 10', os.arch: 'amd64', os.version: '10.0', java.version: '14.0.2'
Driver info: org.openqa.selenium.chrome.ChromeDriver
Capabilities {acceptInsecureCerts: false, browserName: chrome, browserVersion: 88.0.4324.104, chrome: {chromedriverVersion: 88.0.4324.96 (68dba2d8a0b14..., userDataDir: C:\Users\user\AppData\Local...}, goog:chromeOptions: {debuggerAddress: localhost:61233}, javascriptEnabled: true, networkConnectionEnabled: false, pageLoadStrategy: normal, platform: WINDOWS, platformName: WINDOWS, proxy: Proxy(), setWindowRect: true, strictFileInteractability: false, timeouts: {implicit: 0, pageLoad: 300000, script: 30000}, unhandledPromptBehavior: dismiss and notify, webauthn:extension:largeBlob: true, webauthn:virtualAuthenticators: true}
Session ID: c1a7bfd079ecd1f08afff076786e6811
at org.openqa.selenium.remote.http.W3CHttpResponseCodec.createException(W3CHttpResponseCodec.java:187)
at org.openqa.selenium.remote.http.W3CHttpResponseCodec.decode(W3CHttpResponseCodec.java:122)
at org.openqa.selenium.remote.http.W3CHttpResponseCodec.decode(W3CHttpResponseCodec.java:49)
at org.openqa.selenium.remote.HttpCommandExecutor.execute(HttpCommandExecutor.java:158)
at org.openqa.selenium.remote.service.DriverCommandExecutor.execute(DriverCommandExecutor.java:83)
at org.openqa.selenium.remote.RemoteWebDriver.execute(RemoteWebDriver.java:552)
at org.openqa.selenium.remote.RemoteWebElement.execute(RemoteWebElement.java:285)
at org.openqa.selenium.remote.RemoteWebElement.click(RemoteWebElement.java:84)
at org.openqa.selenium.support.events.EventFiringWebDriver$EventFiringWebElement.lambda$new$0(EventFiringWebDriver.java:404)
at com.sun.proxy.$Proxy19.click(Unknown Source)
at org.openqa.selenium.support.events.EventFiringWebDriver$EventFiringWebElement.click(EventFiringWebDriver.java:417)
at org.openqa.selenium.support.pagefactory.internal.LocatingElementHandler.invoke(LocatingElementHandler.java:51)
at com.sun.proxy.$Proxy18.click(Unknown Source)
at SSDPageObjects.SSDLetsStartpage.ClickIKnow(SSDLetsStartpage.java:31)
at hpe.SSDSelectorTool.SSDIKnowPageTest.IKnowWhatINeed(SSDIKnowPageTest.java:77)
... Removed 35 stack frames]]>
    </failure>
  </testcase> <!-- @BeforeTest IKnowWhatINeed -->
  <testcase classname="hpe.SSDSelectorTool.SSDIKnowPageTest" name="@AfterTest TearDown" time="-1.612182778588E9">
    <skipped/>
  </testcase> <!-- @AfterTest TearDown -->
  <testcase classname="hpe.SSDSelectorTool.SSDIKnowPageTest" name="ToVerifyIKnowWhatINeedURL" time="0.0">
    <skipped/>
  </testcase> <!-- ToVerifyIKnowWhatINeedURL -->
  <testcase classname="hpe.SSDSelectorTool.SSDIKnowPageTest" name="ToVerifySSDResults" time="0.0">
    <skipped/>
  </testcase> <!-- ToVerifySSDResults -->
  <testcase classname="hpe.SSDSelectorTool.SSDIKnowPageTest" name="ToVerifySelectedOptions" time="0.0">
    <skipped/>
  </testcase> <!-- ToVerifySelectedOptions -->
  <testcase classname="hpe.SSDSelectorTool.SSDIKnowPageTest" name="ToVerifyReadOptionsResults" time="0.0">
    <skipped/>
  </testcase> <!-- ToVerifyReadOptionsResults -->
  <testcase classname="hpe.SSDSelectorTool.SSDIKnowPageTest" name="ToVerifyDownloadFile" time="0.0">
    <skipped/>
  </testcase> <!-- ToVerifyDownloadFile -->
  <testcase classname="hpe.SSDSelectorTool.SSDIKnowPageTest" name="ToVerifyExcelFileResults" time="0.0">
    <skipped/>
  </testcase> <!-- ToVerifyExcelFileResults -->
  <testcase classname="hpe.SSDSelectorTool.SSDIKnowPageTest" name="ToVerifyUnCheckInterface" time="0.0">
    <skipped/>
  </testcase> <!-- ToVerifyUnCheckInterface -->
  <testcase classname="hpe.SSDSelectorTool.SSDIKnowPageTest" name="ToVerifyInterfaceOptionSASResults" time="0.0">
    <skipped/>
  </testcase> <!-- ToVerifyInterfaceOptionSASResults -->
  <testcase classname="hpe.SSDSelectorTool.SSDIKnowPageTest" name="ToVerifyInterfaceOptionSATAResults" time="0.0">
    <skipped/>
  </testcase> <!-- ToVerifyInterfaceOptionSATAResults -->
  <testcase classname="hpe.SSDSelectorTool.SSDIKnowPageTest" name="ToVerifyInterfaceOptionNVMeResults" time="0.0">
    <skipped/>
  </testcase> <!-- ToVerifyInterfaceOptionNVMeResults -->
  <testcase classname="hpe.SSDSelectorTool.SSDIKnowPageTest" name="ToVerifyInterfaceOptionValueSASResults" time="0.0">
    <skipped/>
  </testcase> <!-- ToVerifyInterfaceOptionValueSASResults -->
  <testcase classname="hpe.SSDSelectorTool.SSDIKnowPageTest" name="ToVerifyUnCheckFormFactorSection" time="0.0">
    <skipped/>
  </testcase> <!-- ToVerifyUnCheckFormFactorSection -->
  <testcase classname="hpe.SSDSelectorTool.SSDIKnowPageTest" name="ToVerifyFormFactorOptionsAddInResults" time="0.0">
    <skipped/>
  </testcase> <!-- ToVerifyFormFactorOptionsAddInResults -->
  <testcase classname="hpe.SSDSelectorTool.SSDIKnowPageTest" name="ToVerifyFormFactorOptionM2eResults" time="0.0">
    <skipped/>
  </testcase> <!-- ToVerifyFormFactorOptionM2eResults -->
  <testcase classname="hpe.SSDSelectorTool.SSDIKnowPageTest" name="ToVerifyFormFactorOptionLFFResults" time="0.0">
    <skipped/>
  </testcase> <!-- ToVerifyFormFactorOptionLFFResults -->
  <testcase classname="hpe.SSDSelectorTool.SSDIKnowPageTest" name="ToVerifyFormFactorOptionSFFResults" time="0.0">
    <skipped/>
  </testcase> <!-- ToVerifyFormFactorOptionSFFResults -->
  <testcase classname="hpe.SSDSelectorTool.SSDIKnowPageTest" name="ToVerifyNonMainstreamResults" time="0.0">
    <skipped/>
  </testcase> <!-- ToVerifyNonMainstreamResults -->
  <testcase classname="hpe.SSDSelectorTool.SSDIKnowPageTest" name="ToVerifyMainstreamResults" time="0.0">
    <skipped/>
  </testcase> <!-- ToVerifyMainstreamResults -->
  <testcase classname="hpe.SSDSelectorTool.SSDIKnowPageTest" name="ToVerifyBestAvailabilityOptionSelected" time="0.0">
    <skipped/>
  </testcase> <!-- ToVerifyBestAvailabilityOptionSelected -->
  <testcase classname="hpe.SSDSelectorTool.SSDIKnowPageTest" name="ToVerifySearchTabSSDRequrimentLink" time="0.0">
    <skipped/>
  </testcase> <!-- ToVerifySearchTabSSDRequrimentLink -->
  <testcase classname="hpe.SSDSelectorTool.SSDIKnowPageTest" name="ToVerifyToRetriveSSDsResults" time="0.0">
    <skipped/>
  </testcase> <!-- ToVerifyToRetriveSSDsResults -->
</testsuite> <!-- Automation Test for I Know What I Need -->
